2025-12-14T13:33:25Z,SYSTEM,COSMIC_CONSENSUS_NETWORK,ENV=PROD,STATUS=ENABLED
2025-12-14T13:33:25Z,CONSENSUS,GLOBAL_USERS,REGION=GALAXY,ENV=PROD,STATUS=PARTICIPATING
2025-12-14T13:33:25Z,CONSENSUS,EVENT,TRANSFER,ENV=PROD,STATUS=VALIDATED
2025-12-14T13:33:25Z,CONSENSUS,EVENT,CRYPTO,ENV=PROD,STATUS=VALIDATED
2025-12-14T13:33:25Z,CONSENSUS,EVENT,CARD,ENV=PROD,STATUS=VALIDATED
2025-12-14T13:33:25Z,CONSENSUS,EVENT,ATM,ENV=PROD,STATUS=VALIDATED
2025-12-14T13:33:25Z,CONSENSUS,EVENT,EVOLUTION,ENV=PROD,STATUS=VALIDATED
2025-12-14T13:33:25Z,CONSENSUS,EVENT,HUD,ENV=PROD,STATUS=VALIDATED
2025-12-14T13:33:25Z,CONSENSUS,EVENT,ARCHIVE,ENV=PROD,STATUS=VALIDATED
2025-12-14T13:33:25Z,CONSENSUS,IMMUTABLE_PROOF,CHAIN_ID=22c178c9-ecb9-4e05-ae4d-d45d3d038497,ENV=PROD,STATUS=LINKED
2025-12-14T13:33:25Z,HUD,COSMIC_CONSENSUS_STATUS,ENV=PROD,DISPLAY=VISIBLE
2025-12-14T13:33:25Z,AUDIT,COSMIC_CONSENSUS_PUBLIC,ENV=PROD,STATUS=VISIBLE
2025-12-14T13:33:58Z,SYSTEM,COSMIC_CONSENSUS_NETWORK,ENV=PROD,STATUS=ENABLED
2025-12-14T13:33:58Z,CONSENSUS,GLOBAL_USERS,REGION=GALAXY,ENV=PROD,STATUS=PARTICIPATING
2025-12-14T13:33:58Z,CONSENSUS,EVENT,TRANSFER,ENV=PROD,STATUS=VALIDATED
2025-12-14T13:33:58Z,CONSENSUS,EVENT,CRYPTO,ENV=PROD,STATUS=VALIDATED
2025-12-14T13:33:58Z,CONSENSUS,EVENT,CARD,ENV=PROD,STATUS=VALIDATED
2025-12-14T13:33:58Z,CONSENSUS,EVENT,ATM,ENV=PROD,STATUS=VALIDATED
2025-12-14T13:33:58Z,CONSENSUS,EVENT,EVOLUTION,ENV=PROD,STATUS=VALIDATED
2025-12-14T13:33:58Z,CONSENSUS,EVENT,HUD,ENV=PROD,STATUS=VALIDATED
2025-12-14T13:33:58Z,CONSENSUS,EVENT,ARCHIVE,ENV=PROD,STATUS=VALIDATED
2025-12-14T13:33:58Z,CONSENSUS,IMMUTABLE_PROOF,CHAIN_ID=2f5fec69-bd81-4560-be69-60e64f932a60,ENV=PROD,STATUS=LINKED
2025-12-14T13:33:58Z,HUD,COSMIC_CONSENSUS_STATUS,ENV=PROD,DISPLAY=VISIBLE
2025-12-14T13:33:58Z,AUDIT,COSMIC_CONSENSUS_PUBLIC,ENV=PROD,STATUS=VISIBLE
