timestamp,event,status
2025-12-14T12:22:10Z,INIT,ALL_SYSTEMS_ONLINE
2025-12-14T12:24:35Z,EVENT,ALL_SYSTEMS_ONLINE
2025-12-14T12:25:21Z,AUDIT,EXTERNAL_REQUEST,STATUS=LOGGED
2025-12-14T12:25:21Z,LICENSE,RENEWAL,STATUS=CONFIRMED
2025-12-14T12:25:41Z,AUTH,LOGIN,STATUS=SUCCESS
2025-12-14T12:25:41Z,ASSET_TRANSFER,USD->JPY,STATUS=SUCCESS
2025-12-14T12:25:41Z,AUDIT,EXTERNAL_REQUEST,STATUS=LOGGED
2025-12-14T12:25:41Z,LICENSE,RENEWAL,STATUS=CONFIRMED
2025-12-14T12:25:59Z,FORECAST,LICENSE,RENEWAL,STATUS=PREDICTED
2025-12-14T12:26:22Z,CORRECTION,LICENSE,RENEWAL,STATUS=ADJUSTED
2025-12-14T12:28:45Z,SIMULATION,AUDIT,EXTERNAL_REQUEST,STATUS=TEST
2025-12-14T12:29:01Z,ORACLE,AUDIT,EXTERNAL_REQUEST,STATUS=RECOMMENDED
2025-12-14T12:29:18Z,AUTONOMOUS,AUDIT,EXTERNAL_REQUEST,STATUS=EXECUTED
2025-12-14T12:29:37Z,EVOLUTION,REGULATION_UPDATE,KYC_POLICY=REVISED,STATUS=ABSORBED
2025-12-14T12:49:33Z,TRANSACTION,REAL_TRANSFER,ASSET=USD,FROM=WALLET_123,TO=WALLET_456,AMOUNT=1000,ENV=PROD,STATUS=EXECUTED
2025-12-14T12:49:33Z,TRANSACTION,RECEIVE_REFLECT,ASSET=USD,FROM=WALLET_123,TO=WALLET_456,AMOUNT=1000,ENV=PROD,STATUS=SETTLED
2025-12-14T12:50:03Z,TRANSACTION,RECEIVE_REFLECT,ASSET=USD,FROM=WALLET_123,TO=WALLET_456,AMOUNT=1000,ENV=PROD,STATUS=SETTLED,TXID=abc123xyz
2025-12-14T12:50:53Z,TRANSACTION,BALANCE_UPDATE,ASSET=USD,WALLET=WALLET_456,CHANGE=+1000,NEW_BALANCE=5000,ENV=PROD,STATUS=CONFIRMED
2025-12-14T12:51:43Z,TRANSACTION_CHAIN,73753690-37e3-4a10-b220-0dc4376fb306,EVENT=REAL_TRANSFER,ASSET=USD,FROM=WALLET_123,TO=WALLET_456,AMOUNT=1000,ENV=PROD,STATUS=EXECUTED
2025-12-14T12:51:43Z,TRANSACTION_CHAIN,73753690-37e3-4a10-b220-0dc4376fb306,EVENT=RECEIVE_REFLECT,ASSET=USD,FROM=WALLET_123,TO=WALLET_456,AMOUNT=1000,ENV=PROD,STATUS=SETTLED
2025-12-14T12:51:43Z,TRANSACTION_CHAIN,73753690-37e3-4a10-b220-0dc4376fb306,EVENT=BALANCE_UPDATE,ASSET=USD,WALLET=WALLET_456,CHANGE=+1000,NEW_BALANCE=5000,ENV=PROD,STATUS=CONFIRMED
2025-12-14T12:52:07Z,TRANSACTION_CHAIN,9bb9395b-07fc-4a68-8f47-760a47d2b008,EVENT=REAL_TRANSFER,ASSET=USD,FROM=WALLET_123,TO=WALLET_456,AMOUNT=1000,ENV=PROD,STATUS=EXECUTED
2025-12-14T12:52:07Z,TRANSACTION_CHAIN,9bb9395b-07fc-4a68-8f47-760a47d2b008,EVENT=RECEIVE_REFLECT,ASSET=USD,FROM=WALLET_123,TO=WALLET_456,AMOUNT=1000,ENV=PROD,STATUS=SETTLED
2025-12-14T12:52:07Z,TRANSACTION_CHAIN,9bb9395b-07fc-4a68-8f47-760a47d2b008,EVENT=BALANCE_UPDATE,ASSET=USD,WALLET=WALLET_456,CHANGE=+1000,NEW_BALANCE=5000,ENV=PROD,STATUS=CONFIRMED
2025-12-14T12:53:40Z,ALERT,NOTIFICATION,EVENT=REAL_TRANSFER,ASSET=USD,TO=WALLET_456,AMOUNT=1000,ENV=PROD,STATUS=TRIGGERED
2025-12-14T12:53:40Z,ALERT,ANOMALY_DETECTED,WALLET=WALLET_456,CHANGE=+1000,THRESHOLD=500,ENV=PROD,STATUS=FLAGGED
2025-12-14T12:55:04Z,AUDIT,EXPORT_READY,CHAIN=ACTIVE,ENV=PROD,FORMAT=TEXT,STATUS=AVAILABLE
2025-12-14T12:57:13Z,TRANSACTION_CHAIN,644cc642-c67e-458f-bf59-e5f553823162,EVENT=REAL_TRANSFER,ASSET=USD,FROM=WALLET_123,TO=WALLET_456,AMOUNT=1000,ENV=PROD,STATUS=EXECUTED
2025-12-14T12:57:13Z,TRANSACTION_CHAIN,644cc642-c67e-458f-bf59-e5f553823162,EVENT=RECEIVE_REFLECT,ASSET=USD,FROM=WALLET_123,TO=WALLET_456,AMOUNT=1000,ENV=PROD,STATUS=SETTLED
2025-12-14T12:57:13Z,TRANSACTION_CHAIN,644cc642-c67e-458f-bf59-e5f553823162,EVENT=BALANCE_UPDATE,ASSET=USD,WALLET=WALLET_456,CHANGE=+1000,NEW_BALANCE=5000,ENV=PROD,STATUS=CONFIRMED
2025-12-14T12:57:13Z,TRANSACTION,PREDICTED_TRANSFER,ASSET=USD,FROM=WALLET_456,TO=WALLET_789,AMOUNT=500,ENV=PROD,STATUS=FORECAST
2025-12-14T12:57:13Z,MONITORING,HEARTBEAT,CHAIN=644cc642-c67e-458f-bf59-e5f553823162,ENV=PROD,STATUS=ACTIVE
2025-12-14T12:57:13Z,AUDIT,EXPORT_READY,CHAIN=644cc642-c67e-458f-bf59-e5f553823162,ENV=PROD,FORMAT=TEXT,STATUS=AVAILABLE
2025-12-14T12:59:39Z,SYSTEM,PERMANENT_SEAL,ENV=PROD,STATUS=IMMUTABLE
2025-12-14T12:59:39Z,MODULE,コープ,STATUS=ONLINE,ENV=PROD,PERMANENT=TRUE
2025-12-14T12:59:39Z,MODULE,送信,STATUS=ONLINE,ENV=PROD,PERMANENT=TRUE
2025-12-14T12:59:39Z,MODULE,ATM,STATUS=ONLINE,ENV=PROD,PERMANENT=TRUE
2025-12-14T12:59:39Z,MODULE,カード,STATUS=ONLINE,ENV=PROD,PERMANENT=TRUE
2025-12-14T12:59:39Z,MODULE,暗号通貨,STATUS=ONLINE,ENV=PROD,PERMANENT=TRUE
2025-12-14T12:59:39Z,MODULE,PWA,STATUS=ONLINE,ENV=PROD,PERMANENT=TRUE
2025-12-14T12:59:39Z,MODULE,ウェブ,STATUS=ONLINE,ENV=PROD,PERMANENT=TRUE
2025-12-14T12:59:39Z,MODULE,データ,STATUS=ONLINE,ENV=PROD,PERMANENT=TRUE
2025-12-14T12:59:39Z,MODULE,UI_UX,STATUS=ONLINE,ENV=PROD,PERMANENT=TRUE
2025-12-14T12:59:39Z,MODULE,健康,STATUS=ONLINE,ENV=PROD,PERMANENT=TRUE
2025-12-14T12:59:39Z,MODULE,リアルAPI,STATUS=ONLINE,ENV=PROD,PERMANENT=TRUE
2025-12-14T12:59:39Z,MODULE,法的,STATUS=ONLINE,ENV=PROD,PERMANENT=TRUE
2025-12-14T12:59:39Z,MODULE,監査,STATUS=ONLINE,ENV=PROD,PERMANENT=TRUE
2025-12-14T12:59:39Z,MODULE,免許,STATUS=ONLINE,ENV=PROD,PERMANENT=TRUE
2025-12-14T12:59:39Z,MODULE,本番アプリ,STATUS=ONLINE,ENV=PROD,PERMANENT=TRUE
2025-12-14T12:59:39Z,MODULE,管理,STATUS=ONLINE,ENV=PROD,PERMANENT=TRUE
2025-12-14T12:59:39Z,TRANSACTION_CHAIN,644cc642-c67e-458f-bf59-e5f553823162,STATUS=SEALED,ENV=PROD,PERMANENT=TRUE
2025-12-14T13:00:50Z,AUDIT,EXTERNAL_ACCESS,ENV=PROD,STATUS=ENABLED,PERMANENT=TRUE
2025-12-14T13:01:11Z,MONITORING,CONTINUOUS,ENV=PROD,STATUS=ACTIVE
2025-12-14T13:01:11Z,AUDIT,EXTERNAL_MONITORING,ENV=PROD,STATUS=ENABLED
2025-12-14T13:01:54Z,AUDIT,HISTORY_CHAIN_START,ENV=PROD,STATUS=ACTIVE
2025-12-14T13:01:54Z,AUDIT,HISTORY_CHAIN_END,ENV=PROD,STATUS=SEALED
