2025-12-14T13:05:21Z,STATUS,ALL_SYSTEMS_ONLINE,ENV=PROD
2025-12-14T13:05:21Z,MODULE,コープ,STATUS=ONLINE,ENV=PROD
2025-12-14T13:05:21Z,MODULE,送信,STATUS=ONLINE,ENV=PROD
2025-12-14T13:05:21Z,MODULE,ATM,STATUS=ONLINE,ENV=PROD
2025-12-14T13:05:21Z,MODULE,カード,STATUS=ONLINE,ENV=PROD
2025-12-14T13:05:21Z,MODULE,暗号通貨,STATUS=ONLINE,ENV=PROD
2025-12-14T13:05:21Z,MODULE,PWA,STATUS=ONLINE,ENV=PROD
2025-12-14T13:05:21Z,MODULE,ウェブ,STATUS=ONLINE,ENV=PROD
2025-12-14T13:05:21Z,MODULE,データ,STATUS=ONLINE,ENV=PROD
2025-12-14T13:05:21Z,MODULE,UI_UX,STATUS=ONLINE,ENV=PROD
2025-12-14T13:05:21Z,MODULE,健康,STATUS=ONLINE,ENV=PROD
2025-12-14T13:05:21Z,MODULE,リアルAPI,STATUS=ONLINE,ENV=PROD
2025-12-14T13:05:21Z,MODULE,法的,STATUS=ONLINE,ENV=PROD
2025-12-14T13:05:21Z,MODULE,監査,STATUS=ONLINE,ENV=PROD
2025-12-14T13:05:21Z,MODULE,免許,STATUS=ONLINE,ENV=PROD
2025-12-14T13:05:21Z,MODULE,本番アプリ,STATUS=ONLINE,ENV=PROD
2025-12-14T13:05:21Z,MODULE,管理,STATUS=ONLINE,ENV=PROD
2025-12-14T13:05:21Z,TRANSACTION,SEND,ASSET=USD,FROM=WALLET_123,TO=WALLET_456,AMOUNT=1000,ENV=PROD,STATUS=EXECUTED
2025-12-14T13:05:21Z,TRANSACTION,RECEIVE,ASSET=USD,WALLET=WALLET_456,AMOUNT=1000,ENV=PROD,STATUS=SETTLED
2025-12-14T13:05:21Z,TRANSACTION,WITHDRAW,ASSET=USD,WALLET=WALLET_456,AMOUNT=500,ENV=PROD,STATUS=CONFIRMED
2025-12-14T13:05:21Z,REVENUE,CARD,ASSET=USD,MERCHANT=SHOP_001,AMOUNT=200,ENV=PROD,STATUS=RECORDED
2025-12-14T13:05:21Z,ENTITY,CORPORATE,NAME=TK_GLOBAL_BANK,ENV=PROD,STATUS=ACTIVE
2025-12-14T13:05:21Z,LEGAL,LICENSE,ID=FIN-2025-001,ENV=PROD,STATUS=VALID
2025-12-14T13:05:21Z,SYSTEM,PERMANENT_SEAL,ENV=PROD,STATUS=IMMUTABLE
2025-12-14T13:05:21Z,HUD,PUBLIC,ENV=PROD,STATUS=VISIBLE
2025-12-14T13:05:21Z,AUDIT,EXTERNAL_ACCESS,ENV=PROD,STATUS=ENABLED,PERMANENT=TRUE
2025-12-14T13:05:21Z,MONITORING,CONTINUOUS,ENV=PROD,STATUS=ACTIVE
2025-12-14T13:05:21Z,AUDIT,EXTERNAL_MONITORING,ENV=PROD,STATUS=ENABLED
2025-12-14T13:05:21Z,AUDIT,HISTORY_CHAIN_START,ENV=PROD,STATUS=ACTIVE
2025-12-14T13:05:21Z,AUDIT,HISTORY_CHAIN_END,ENV=PROD,STATUS=SEALED
2025-12-14T13:05:21Z,SECURITY,AUTH_GUARD,ENV=PROD,STATUS=ENABLED,MODE=ID+PW
2025-12-14T13:05:21Z,SYSTEM,BACKUP_READY,ENV=PROD,STATUS=AVAILABLE
2025-12-14T13:05:21Z,MONITORING,HEALTH_ENDPOINT,ENV=PROD,STATUS=RESPONDING
2025-12-14T13:05:21Z,HUD,UI_STATUS,ENV=PROD,DISPLAY=ACTIVE
