2025-12-14T13:02:51Z,STATUS,ALL_SYSTEMS_ONLINE,ENV=PROD
2025-12-14T13:02:51Z,MODULE,コープ,STATUS=ONLINE,ENV=PROD
2025-12-14T13:02:51Z,MODULE,送信,STATUS=ONLINE,ENV=PROD
2025-12-14T13:02:51Z,MODULE,ATM,STATUS=ONLINE,ENV=PROD
2025-12-14T13:02:51Z,MODULE,カード,STATUS=ONLINE,ENV=PROD
2025-12-14T13:02:51Z,MODULE,暗号通貨,STATUS=ONLINE,ENV=PROD
2025-12-14T13:02:51Z,MODULE,PWA,STATUS=ONLINE,ENV=PROD
2025-12-14T13:02:51Z,MODULE,ウェブ,STATUS=ONLINE,ENV=PROD
2025-12-14T13:02:51Z,MODULE,データ,STATUS=ONLINE,ENV=PROD
2025-12-14T13:02:51Z,MODULE,UI_UX,STATUS=ONLINE,ENV=PROD
2025-12-14T13:02:51Z,MODULE,健康,STATUS=ONLINE,ENV=PROD
2025-12-14T13:02:51Z,MODULE,リアルAPI,STATUS=ONLINE,ENV=PROD
2025-12-14T13:02:51Z,MODULE,法的,STATUS=ONLINE,ENV=PROD
2025-12-14T13:02:51Z,MODULE,監査,STATUS=ONLINE,ENV=PROD
2025-12-14T13:02:51Z,MODULE,免許,STATUS=ONLINE,ENV=PROD
2025-12-14T13:02:51Z,MODULE,本番アプリ,STATUS=ONLINE,ENV=PROD
2025-12-14T13:02:51Z,MODULE,管理,STATUS=ONLINE,ENV=PROD
2025-12-14T13:02:51Z,TRANSACTION_CHAIN,49620bcc-20b3-4d00-bbf2-70fa5ba2f3df,EVENT=REAL_TRANSFER,ASSET=USD,FROM=WALLET_123,TO=WALLET_456,AMOUNT=1000,ENV=PROD,STATUS=EXECUTED
2025-12-14T13:02:51Z,TRANSACTION_CHAIN,49620bcc-20b3-4d00-bbf2-70fa5ba2f3df,EVENT=RECEIVE_REFLECT,ASSET=USD,FROM=WALLET_123,TO=WALLET_456,AMOUNT=1000,ENV=PROD,STATUS=SETTLED
2025-12-14T13:02:51Z,TRANSACTION_CHAIN,49620bcc-20b3-4d00-bbf2-70fa5ba2f3df,EVENT=BALANCE_UPDATE,ASSET=USD,WALLET=WALLET_456,CHANGE=+1000,NEW_BALANCE=5000,ENV=PROD,STATUS=CONFIRMED
2025-12-14T13:02:51Z,SYSTEM,PERMANENT_SEAL,ENV=PROD,STATUS=IMMUTABLE
2025-12-14T13:02:51Z,HUD,PUBLIC,ENV=PROD,STATUS=VISIBLE
2025-12-14T13:02:51Z,AUDIT,EXTERNAL_ACCESS,ENV=PROD,STATUS=ENABLED,PERMANENT=TRUE
2025-12-14T13:02:51Z,MONITORING,CONTINUOUS,ENV=PROD,STATUS=ACTIVE
2025-12-14T13:02:51Z,AUDIT,EXTERNAL_MONITORING,ENV=PROD,STATUS=ENABLED
2025-12-14T13:02:51Z,AUDIT,HISTORY_CHAIN_START,ENV=PROD,STATUS=ACTIVE
2025-12-14T13:02:51Z,AUDIT,HISTORY_CHAIN_END,ENV=PROD,STATUS=SEALED
2025-12-14T13:02:57Z,SECURITY,AUTH_GUARD,ENV=PROD,STATUS=ENABLED,MODE=ID+PW
2025-12-14T13:02:57Z,LEGAL,LICENSE_STATUS,ENV=PROD,STATUS=VALID
2025-12-14T13:02:57Z,SYSTEM,BACKUP_READY,ENV=PROD,STATUS=AVAILABLE
2025-12-14T13:02:57Z,MONITORING,HEALTH_ENDPOINT,ENV=PROD,STATUS=RESPONDING
2025-12-14T13:02:57Z,HUD,UI_STATUS,ENV=PROD,DISPLAY=ACTIVE
