2025-12-14T13:20:57Z,SYSTEM,LEGAL_COMPLIANCE,ENV=PROD,STATUS=ENABLED
2025-12-14T13:20:57Z,LEGAL,LICENSE,COUNTRY=JAPAN,ENV=PROD,STATUS=VALID
2025-12-14T13:20:57Z,LEGAL,LICENSE,COUNTRY=SINGAPORE,ENV=PROD,STATUS=VALID
2025-12-14T13:20:57Z,LEGAL,LICENSE,COUNTRY=MALTA,ENV=PROD,STATUS=VALID
2025-12-14T13:20:57Z,LEGAL,LICENSE,COUNTRY=HONGKONG,ENV=PROD,STATUS=VALID
2025-12-14T13:20:57Z,LEGAL,LICENSE,COUNTRY=ESTONIA,ENV=PROD,STATUS=VALID
2025-12-14T13:20:57Z,LEGAL,LICENSE,COUNTRY=PANAMA,ENV=PROD,STATUS=VALID
2025-12-14T13:20:57Z,LEGAL,LICENSE,COUNTRY=CAYMAN,ENV=PROD,STATUS=VALID
2025-12-14T13:20:57Z,MODULE,BANK_API,ENV=PROD,STATUS=RUNNING
2025-12-14T13:20:57Z,MODULE,NEOBANK_API,ENV=PROD,STATUS=RUNNING
2025-12-14T13:20:57Z,MODULE,PAYMENT_GATEWAY,NAME=VISA,ENV=PROD,STATUS=ACTIVE
2025-12-14T13:20:57Z,MODULE,PAYMENT_GATEWAY,NAME=MASTERCARD,ENV=PROD,STATUS=ACTIVE
2025-12-14T13:20:57Z,MODULE,PAYMENT_GATEWAY,NAME=SWIFT,ENV=PROD,STATUS=ACTIVE
2025-12-14T13:20:57Z,MODULE,PAYMENT_GATEWAY,NAME=SEPA,ENV=PROD,STATUS=ACTIVE
2025-12-14T13:20:57Z,MODULE,PAYMENT_GATEWAY,NAME=PAYPAL,ENV=PROD,STATUS=ACTIVE
2025-12-14T13:20:57Z,MODULE,PAYMENT_GATEWAY,NAME=STRIPE,ENV=PROD,STATUS=ACTIVE
2025-12-14T13:20:57Z,AUDIT,GLOBAL_API_GATEWAY_LOG,CHAIN_ID=b401a4d4-5736-40d0-be93-6e344758cc99,ENV=PROD,STATUS=SEALED
2025-12-14T13:20:57Z,SYSTEM,DAEMON,PROCESS=GLOBAL_API_GATEWAY,ENV=PROD,STATUS=ALWAYS_ON
2025-12-14T13:22:03Z,HUD,GLOBAL_DASHBOARD,ENV=PROD,STATUS=ENABLED
2025-12-14T13:22:03Z,HUD,LICENSE_STATUS,COUNTRY=JAPAN,ENV=PROD,DISPLAY=VISIBLE
2025-12-14T13:22:03Z,HUD,LICENSE_STATUS,COUNTRY=SINGAPORE,ENV=PROD,DISPLAY=VISIBLE
2025-12-14T13:22:03Z,HUD,LICENSE_STATUS,COUNTRY=MALTA,ENV=PROD,DISPLAY=VISIBLE
2025-12-14T13:22:03Z,HUD,LICENSE_STATUS,COUNTRY=HONGKONG,ENV=PROD,DISPLAY=VISIBLE
2025-12-14T13:22:03Z,HUD,LICENSE_STATUS,COUNTRY=ESTONIA,ENV=PROD,DISPLAY=VISIBLE
2025-12-14T13:22:03Z,HUD,LICENSE_STATUS,COUNTRY=PANAMA,ENV=PROD,DISPLAY=VISIBLE
2025-12-14T13:22:03Z,HUD,LICENSE_STATUS,COUNTRY=CAYMAN,ENV=PROD,DISPLAY=VISIBLE
2025-12-14T13:22:03Z,HUD,BANK_API_STATUS,ENV=PROD,DISPLAY=VISIBLE
2025-12-14T13:22:03Z,HUD,NEOBANK_API_STATUS,ENV=PROD,DISPLAY=VISIBLE
2025-12-14T13:22:03Z,HUD,GATEWAY_STATUS,NAME=VISA,ENV=PROD,DISPLAY=VISIBLE
2025-12-14T13:22:03Z,HUD,GATEWAY_STATUS,NAME=MASTERCARD,ENV=PROD,DISPLAY=VISIBLE
2025-12-14T13:22:03Z,HUD,GATEWAY_STATUS,NAME=SWIFT,ENV=PROD,DISPLAY=VISIBLE
2025-12-14T13:22:03Z,HUD,GATEWAY_STATUS,NAME=SEPA,ENV=PROD,DISPLAY=VISIBLE
2025-12-14T13:22:03Z,HUD,GATEWAY_STATUS,NAME=PAYPAL,ENV=PROD,DISPLAY=VISIBLE
2025-12-14T13:22:03Z,HUD,GATEWAY_STATUS,NAME=STRIPE,ENV=PROD,DISPLAY=VISIBLE
2025-12-14T13:22:03Z,AUDIT,GLOBAL_DASHBOARD_PUBLIC,ENV=PROD,STATUS=VISIBLE
2025-12-14T13:23:00Z,MODULE,CARD,NAME=VISA,ENV=PROD,STATUS=ACTIVE
2025-12-14T13:23:00Z,MODULE,CARD,NAME=MASTERCARD,ENV=PROD,STATUS=ACTIVE
2025-12-14T13:23:00Z,MODULE,CARD,NAME=JCB,ENV=PROD,STATUS=ACTIVE
2025-12-14T13:23:00Z,MODULE,CARD,NAME=AMEX,ENV=PROD,STATUS=ACTIVE
2025-12-14T13:23:00Z,MODULE,CRYPTO,ASSET=BTC,ENV=PROD,STATUS=ACTIVE
2025-12-14T13:23:00Z,MODULE,CRYPTO,ASSET=ETH,ENV=PROD,STATUS=ACTIVE
2025-12-14T13:23:00Z,MODULE,CRYPTO,ASSET=USDT,ENV=PROD,STATUS=ACTIVE
2025-12-14T13:23:00Z,MODULE,CRYPTO,ASSET=SOL,ENV=PROD,STATUS=ACTIVE
2025-12-14T13:23:00Z,MODULE,CRYPTO,ASSET=XRP,ENV=PROD,STATUS=ACTIVE
2025-12-14T13:23:00Z,MODULE,WEB3_WALLET,ENV=PROD,STATUS=RUNNING
2025-12-14T13:23:00Z,MODULE,ASSET_MANAGEMENT,ENV=PROD,STATUS=RUNNING
2025-12-14T13:23:00Z,MODULE,ATM,LOCATION=TOKYO,ENV=PROD,STATUS=ACTIVE
2025-12-14T13:23:00Z,MODULE,ATM,LOCATION=SINGAPORE,ENV=PROD,STATUS=ACTIVE
2025-12-14T13:23:00Z,MODULE,ATM,LOCATION=MALTA,ENV=PROD,STATUS=ACTIVE
2025-12-14T13:23:00Z,MODULE,ATM,LOCATION=HONGKONG,ENV=PROD,STATUS=ACTIVE
2025-12-14T13:23:00Z,MODULE,ATM,LOCATION=ESTONIA,ENV=PROD,STATUS=ACTIVE
2025-12-14T13:23:00Z,MODULE,ATM,LOCATION=PANAMA,ENV=PROD,STATUS=ACTIVE
2025-12-14T13:23:00Z,MODULE,ATM,LOCATION=CAYMAN,ENV=PROD,STATUS=ACTIVE
2025-12-14T13:23:00Z,AUDIT,GLOBAL_FINTECH_LOG,CHAIN_ID=2ba2a6d0-59fb-4535-817c-e74f0936a5e3,ENV=PROD,STATUS=SEALED
2025-12-14T13:23:00Z,SYSTEM,DAEMON,PROCESS=GLOBAL_FINTECH_CORE,ENV=PROD,STATUS=ALWAYS_ON
