2025-12-14T13:23:47Z,SYSTEM,LEGAL_COMPLIANCE,ENV=PROD,STATUS=ENABLED
2025-12-14T13:23:47Z,LEGAL,LICENSE,COUNTRY=JAPAN,ENV=PROD,STATUS=VALID
2025-12-14T13:23:47Z,LEGAL,LICENSE,COUNTRY=SINGAPORE,ENV=PROD,STATUS=VALID
2025-12-14T13:23:47Z,LEGAL,LICENSE,COUNTRY=MALTA,ENV=PROD,STATUS=VALID
2025-12-14T13:23:47Z,LEGAL,LICENSE,COUNTRY=HONGKONG,ENV=PROD,STATUS=VALID
2025-12-14T13:23:47Z,LEGAL,LICENSE,COUNTRY=ESTONIA,ENV=PROD,STATUS=VALID
2025-12-14T13:23:47Z,LEGAL,LICENSE,COUNTRY=PANAMA,ENV=PROD,STATUS=VALID
2025-12-14T13:23:47Z,LEGAL,LICENSE,COUNTRY=CAYMAN,ENV=PROD,STATUS=VALID
2025-12-14T13:23:47Z,MODULE,BANK_API,ENV=PROD,STATUS=RUNNING
2025-12-14T13:23:47Z,MODULE,NEOBANK_API,ENV=PROD,STATUS=RUNNING
2025-12-14T13:23:47Z,MODULE,PAYMENT_GATEWAY,NAME=VISA,ENV=PROD,STATUS=ACTIVE
2025-12-14T13:23:47Z,MODULE,PAYMENT_GATEWAY,NAME=MASTERCARD,ENV=PROD,STATUS=ACTIVE
2025-12-14T13:23:47Z,MODULE,PAYMENT_GATEWAY,NAME=SWIFT,ENV=PROD,STATUS=ACTIVE
2025-12-14T13:23:47Z,MODULE,PAYMENT_GATEWAY,NAME=SEPA,ENV=PROD,STATUS=ACTIVE
2025-12-14T13:23:47Z,MODULE,PAYMENT_GATEWAY,NAME=PAYPAL,ENV=PROD,STATUS=ACTIVE
2025-12-14T13:23:47Z,MODULE,PAYMENT_GATEWAY,NAME=STRIPE,ENV=PROD,STATUS=ACTIVE
2025-12-14T13:23:47Z,MODULE,CARD,NAME=VISA,ENV=PROD,STATUS=ACTIVE
2025-12-14T13:23:47Z,MODULE,CARD,NAME=MASTERCARD,ENV=PROD,STATUS=ACTIVE
2025-12-14T13:23:47Z,MODULE,CARD,NAME=JCB,ENV=PROD,STATUS=ACTIVE
2025-12-14T13:23:47Z,MODULE,CARD,NAME=AMEX,ENV=PROD,STATUS=ACTIVE
2025-12-14T13:23:47Z,MODULE,CRYPTO,ASSET=BTC,ENV=PROD,STATUS=ACTIVE
2025-12-14T13:23:47Z,MODULE,CRYPTO,ASSET=ETH,ENV=PROD,STATUS=ACTIVE
2025-12-14T13:23:47Z,MODULE,CRYPTO,ASSET=USDT,ENV=PROD,STATUS=ACTIVE
2025-12-14T13:23:47Z,MODULE,CRYPTO,ASSET=SOL,ENV=PROD,STATUS=ACTIVE
2025-12-14T13:23:47Z,MODULE,CRYPTO,ASSET=XRP,ENV=PROD,STATUS=ACTIVE
2025-12-14T13:23:47Z,MODULE,WEB3_WALLET,ENV=PROD,STATUS=RUNNING
2025-12-14T13:23:47Z,MODULE,ASSET_MANAGEMENT,ENV=PROD,STATUS=RUNNING
2025-12-14T13:23:47Z,MODULE,ATM,LOCATION=TOKYO,ENV=PROD,STATUS=ACTIVE
2025-12-14T13:23:47Z,MODULE,ATM,LOCATION=SINGAPORE,ENV=PROD,STATUS=ACTIVE
2025-12-14T13:23:47Z,MODULE,ATM,LOCATION=MALTA,ENV=PROD,STATUS=ACTIVE
2025-12-14T13:23:47Z,MODULE,ATM,LOCATION=HONGKONG,ENV=PROD,STATUS=ACTIVE
2025-12-14T13:23:47Z,MODULE,ATM,LOCATION=ESTONIA,ENV=PROD,STATUS=ACTIVE
2025-12-14T13:23:47Z,MODULE,ATM,LOCATION=PANAMA,ENV=PROD,STATUS=ACTIVE
2025-12-14T13:23:47Z,MODULE,ATM,LOCATION=CAYMAN,ENV=PROD,STATUS=ACTIVE
2025-12-14T13:23:47Z,HUD,GLOBAL_DASHBOARD,ENV=PROD,STATUS=VISIBLE
2025-12-14T13:23:47Z,AUDIT,GLOBAL_ABSOLUTE_LOG,CHAIN_ID=42627776-0de0-420e-a684-25085ed3cdc1,ENV=PROD,STATUS=SEALED
2025-12-14T13:23:47Z,SYSTEM,DAEMON,PROCESS=GLOBAL_ABSOLUTE_CORE,ENV=PROD,STATUS=ALWAYS_ON
