2025-12-14T13:26:28Z,SYSTEM,LEGAL_COMPLIANCE,ENV=PROD,STATUS=ENABLED
2025-12-14T13:26:28Z,LEGAL,LICENSE,COUNTRY=JAPAN,ENV=PROD,STATUS=VALID
2025-12-14T13:26:28Z,LEGAL,LICENSE,COUNTRY=SINGAPORE,ENV=PROD,STATUS=VALID
2025-12-14T13:26:28Z,LEGAL,LICENSE,COUNTRY=MALTA,ENV=PROD,STATUS=VALID
2025-12-14T13:26:28Z,LEGAL,LICENSE,COUNTRY=HONGKONG,ENV=PROD,STATUS=VALID
2025-12-14T13:26:28Z,LEGAL,LICENSE,COUNTRY=ESTONIA,ENV=PROD,STATUS=VALID
2025-12-14T13:26:28Z,LEGAL,LICENSE,COUNTRY=PANAMA,ENV=PROD,STATUS=VALID
2025-12-14T13:26:28Z,LEGAL,LICENSE,COUNTRY=CAYMAN,ENV=PROD,STATUS=VALID
2025-12-14T13:26:28Z,SECURITY,API_KEY,ENV=PROD,STATUS=ACTIVE
2025-12-14T13:26:28Z,SECURITY,KEY_ROTATION,SCHEDULE=ROLLING,ENV=PROD,STATUS=READY
2025-12-14T13:26:28Z,MODULE,BANK_API,ENV=PROD,STATUS=RUNNING
2025-12-14T13:26:28Z,MODULE,NEOBANK_API,ENV=PROD,STATUS=RUNNING
2025-12-14T13:26:28Z,MODULE,PAYMENT_GATEWAY,NAME=VISA,ENV=PROD,STATUS=ACTIVE
2025-12-14T13:26:28Z,MODULE,PAYMENT_GATEWAY,NAME=MASTERCARD,ENV=PROD,STATUS=ACTIVE
2025-12-14T13:26:28Z,MODULE,PAYMENT_GATEWAY,NAME=SWIFT,ENV=PROD,STATUS=ACTIVE
2025-12-14T13:26:28Z,MODULE,PAYMENT_GATEWAY,NAME=SEPA,ENV=PROD,STATUS=ACTIVE
2025-12-14T13:26:28Z,MODULE,PAYMENT_GATEWAY,NAME=PAYPAL,ENV=PROD,STATUS=ACTIVE
2025-12-14T13:26:28Z,MODULE,PAYMENT_GATEWAY,NAME=STRIPE,ENV=PROD,STATUS=ACTIVE
2025-12-14T13:26:28Z,MODULE,CARD,NAME=VISA,ENV=PROD,STATUS=ACTIVE
2025-12-14T13:26:28Z,MODULE,CARD,NAME=MASTERCARD,ENV=PROD,STATUS=ACTIVE
2025-12-14T13:26:28Z,MODULE,CARD,NAME=JCB,ENV=PROD,STATUS=ACTIVE
2025-12-14T13:26:28Z,MODULE,CARD,NAME=AMEX,ENV=PROD,STATUS=ACTIVE
2025-12-14T13:26:28Z,MODULE,CRYPTO,ASSET=BTC,ENV=PROD,STATUS=ACTIVE
2025-12-14T13:26:28Z,MODULE,CRYPTO,ASSET=ETH,ENV=PROD,STATUS=ACTIVE
2025-12-14T13:26:28Z,MODULE,CRYPTO,ASSET=USDT,ENV=PROD,STATUS=ACTIVE
2025-12-14T13:26:28Z,MODULE,CRYPTO,ASSET=SOL,ENV=PROD,STATUS=ACTIVE
2025-12-14T13:26:28Z,MODULE,CRYPTO,ASSET=XRP,ENV=PROD,STATUS=ACTIVE
2025-12-14T13:26:28Z,MODULE,WEB3_WALLET,ENV=PROD,STATUS=RUNNING
2025-12-14T13:26:28Z,MODULE,ASSET_MANAGEMENT,ENV=PROD,STATUS=RUNNING
2025-12-14T13:26:28Z,MODULE,ATM,LOCATION=TOKYO,ENV=PROD,STATUS=ACTIVE
2025-12-14T13:26:28Z,MODULE,ATM,LOCATION=SINGAPORE,ENV=PROD,STATUS=ACTIVE
2025-12-14T13:26:28Z,MODULE,ATM,LOCATION=MALTA,ENV=PROD,STATUS=ACTIVE
2025-12-14T13:26:28Z,MODULE,ATM,LOCATION=HONGKONG,ENV=PROD,STATUS=ACTIVE
2025-12-14T13:26:28Z,MODULE,ATM,LOCATION=ESTONIA,ENV=PROD,STATUS=ACTIVE
2025-12-14T13:26:28Z,MODULE,ATM,LOCATION=PANAMA,ENV=PROD,STATUS=ACTIVE
2025-12-14T13:26:28Z,MODULE,ATM,LOCATION=CAYMAN,ENV=PROD,STATUS=ACTIVE
2025-12-14T13:26:28Z,TRANSFER,EXTERNAL,SEND,ASSET=USD,FROM=WALLET_CORE,TO=BANK_ROUTE_A,AMOUNT=1000,ENV=PROD,TXID=f155fe98-4b03-493b-85bc-60ef4dea26f8,STATUS=INITIATED
2025-12-14T13:26:28Z,TRANSFER,EXTERNAL,RECEIVE,ASSET=USD,TO=BANK_ROUTE_A,AMOUNT=1000,ENV=PROD,TXID=f155fe98-4b03-493b-85bc-60ef4dea26f8,STATUS=SETTLED
2025-12-14T13:26:28Z,AUDIT,GLOBAL_FINAL_LOG,CHAIN_ID=d2c04707-49b7-4c22-b015-6152b79013fe,ENV=PROD,STATUS=SEALED
2025-12-14T13:26:28Z,HUD,GLOBAL_DASHBOARD,ENV=PROD,STATUS=VISIBLE
2025-12-14T13:26:28Z,SYSTEM,HEALTHCHECK,ENDPOINT=/health,INTERVAL=30S,ENV=PROD,STATUS=ENABLED
2025-12-14T13:26:28Z,SYSTEM,DAEMON,PROCESS=GLOBAL_FINAL_CORE,ENV=PROD,STATUS=ALWAYS_ON
2025-12-14T13:26:28Z,SYSTEM,RATE_CONTROL,MODE=BACKOFF_QUEUE,ENV=PROD,STATUS=ACTIVE
2025-12-14T13:26:28Z,SYSTEM,FAILOVER,ROUTE=A->B,MODE=AUTO,ENV=PROD,STATUS=READY
2025-12-14T13:26:28Z,ALERT,TRANSFER,EVENT=NETWORK_DELAY,ENV=PROD,STATUS=TRIGGERED
2025-12-14T13:26:28Z,RECOVERY,TRANSFER,ACTION=RETRY,ROUTE=SWITCH_TO_B,ENV=PROD,STATUS=COMPLETED
2025-12-14T13:26:28Z,NOTIFY,EXTERNAL,CHANNEL=AUDITOR,EVENT=RECOVERY_COMPLETED,ENV=PROD,STATUS=DISPATCHED
2025-12-14T13:26:28Z,SIMULATION,PREDICT,EVENT=CONGESTION_RISK,WINDOW=NEXT_2H,ENV=PROD,STATUS=VISIBLE
2025-12-14T13:26:28Z,FEATURE_FLAG,TRANSFER_CORE,ENV=PROD,STATE=ON
2025-12-14T13:26:28Z,FEATURE_FLAG,CRYPTO_BRIDGE,ENV=PROD,STATE=ON
2025-12-14T13:26:28Z,FEATURE_FLAG,ATM_NETWORK,ENV=PROD,STATE=ON
2025-12-14T13:26:28Z,FEATURE_FLAG,INVESTOR_DISCLOSURE,ENV=PROD,STATE=OFF
2025-12-14T13:27:33Z,SYSTEM,GLOBAL_CONSENSUS,ENV=PROD,STATUS=SEALED
2025-12-14T13:27:33Z,LEGAL,AUTHORITY,COUNTRY=JAPAN,ENV=PROD,STATUS=LINKED
2025-12-14T13:27:33Z,LEGAL,AUTHORITY,COUNTRY=SINGAPORE,ENV=PROD,STATUS=LINKED
2025-12-14T13:27:33Z,LEGAL,AUTHORITY,COUNTRY=MALTA,ENV=PROD,STATUS=LINKED
2025-12-14T13:27:33Z,LEGAL,AUTHORITY,COUNTRY=HONGKONG,ENV=PROD,STATUS=LINKED
2025-12-14T13:27:33Z,LEGAL,AUTHORITY,COUNTRY=ESTONIA,ENV=PROD,STATUS=LINKED
2025-12-14T13:27:33Z,LEGAL,AUTHORITY,COUNTRY=PANAMA,ENV=PROD,STATUS=LINKED
2025-12-14T13:27:33Z,LEGAL,AUTHORITY,COUNTRY=CAYMAN,ENV=PROD,STATUS=LINKED
2025-12-14T13:27:33Z,COMPLIANCE,AML_KYC,ENV=PROD,STATUS=ACTIVE
2025-12-14T13:27:33Z,COMPLIANCE,PSD2,ENV=PROD,STATUS=ACTIVE
2025-12-14T13:27:33Z,AUDIT,LEGAL_PROOF_PUBLIC,ENV=PROD,STATUS=VISIBLE
2025-12-14T13:27:33Z,HUD,LEGAL_CONSENSUS_STATUS,ENV=PROD,DISPLAY=VISIBLE
2025-12-14T13:28:22Z,SYSTEM,GLOBAL_ASSET_NETWORK,ENV=PROD,STATUS=ENABLED
2025-12-14T13:28:22Z,ASSET,CARD,NAME=VISA,ENV=PROD,STATUS=LINKED
2025-12-14T13:28:22Z,ASSET,CARD,NAME=MASTERCARD,ENV=PROD,STATUS=LINKED
2025-12-14T13:28:22Z,ASSET,CARD,NAME=JCB,ENV=PROD,STATUS=LINKED
2025-12-14T13:28:22Z,ASSET,CARD,NAME=AMEX,ENV=PROD,STATUS=LINKED
2025-12-14T13:28:22Z,ASSET,CRYPTO,NAME=BTC,ENV=PROD,STATUS=LINKED
2025-12-14T13:28:22Z,ASSET,CRYPTO,NAME=ETH,ENV=PROD,STATUS=LINKED
2025-12-14T13:28:22Z,ASSET,CRYPTO,NAME=USDT,ENV=PROD,STATUS=LINKED
2025-12-14T13:28:22Z,ASSET,CRYPTO,NAME=SOL,ENV=PROD,STATUS=LINKED
2025-12-14T13:28:22Z,ASSET,CRYPTO,NAME=XRP,ENV=PROD,STATUS=LINKED
2025-12-14T13:28:22Z,ASSET,WEB3_WALLET,ENV=PROD,STATUS=LINKED
2025-12-14T13:28:22Z,ASSET,ATM,LOCATION=TOKYO,ENV=PROD,STATUS=LINKED
2025-12-14T13:28:22Z,ASSET,ATM,LOCATION=SINGAPORE,ENV=PROD,STATUS=LINKED
2025-12-14T13:28:22Z,ASSET,ATM,LOCATION=MALTA,ENV=PROD,STATUS=LINKED
2025-12-14T13:28:22Z,ASSET,ATM,LOCATION=HONGKONG,ENV=PROD,STATUS=LINKED
2025-12-14T13:28:22Z,ASSET,ATM,LOCATION=ESTONIA,ENV=PROD,STATUS=LINKED
2025-12-14T13:28:22Z,ASSET,ATM,LOCATION=PANAMA,ENV=PROD,STATUS=LINKED
2025-12-14T13:28:22Z,ASSET,ATM,LOCATION=CAYMAN,ENV=PROD,STATUS=LINKED
2025-12-14T13:28:22Z,ASSET,MANAGEMENT_CORE,ENV=PROD,STATUS=LINKED
2025-12-14T13:28:22Z,COMPLIANCE,ASSET_NETWORK,AML_KYC=ACTIVE,PSD2=ACTIVE,ENV=PROD,STATUS=LINKED
2025-12-14T13:28:22Z,HUD,ASSET_NETWORK_STATUS,ENV=PROD,DISPLAY=VISIBLE
2025-12-14T13:28:22Z,AUDIT,ASSET_NETWORK_PUBLIC,ENV=PROD,STATUS=VISIBLE
2025-12-14T13:29:28Z,SYSTEM,GLOBAL_ROUTING_OPTIMIZER,ENV=PROD,STATUS=ENABLED
2025-12-14T13:29:28Z,ROUTING,TRANSFER,ASSET=USD,FROM=WALLET_CORE,TO=BANK_ROUTE_A,ALT=BANK_ROUTE_B,ENV=PROD,STATUS=OPTIMIZED
2025-12-14T13:29:28Z,ROUTING,CRYPTO,ASSET=BTC,BRIDGE=WEB3_WALLET,ENV=PROD,STATUS=OPTIMIZED
2025-12-14T13:29:28Z,ROUTING,CRYPTO,ASSET=ETH,BRIDGE=WEB3_WALLET,ENV=PROD,STATUS=OPTIMIZED
2025-12-14T13:29:28Z,ROUTING,CRYPTO,ASSET=USDT,BRIDGE=WEB3_WALLET,ENV=PROD,STATUS=OPTIMIZED
2025-12-14T13:29:28Z,ROUTING,CRYPTO,ASSET=SOL,BRIDGE=WEB3_WALLET,ENV=PROD,STATUS=OPTIMIZED
2025-12-14T13:29:28Z,ROUTING,CRYPTO,ASSET=XRP,BRIDGE=WEB3_WALLET,ENV=PROD,STATUS=OPTIMIZED
2025-12-14T13:29:28Z,ROUTING,CARD,NAME=VISA,ENV=PROD,STATUS=OPTIMIZED
2025-12-14T13:29:28Z,ROUTING,CARD,NAME=MASTERCARD,ENV=PROD,STATUS=OPTIMIZED
2025-12-14T13:29:28Z,ROUTING,CARD,NAME=JCB,ENV=PROD,STATUS=OPTIMIZED
2025-12-14T13:29:28Z,ROUTING,CARD,NAME=AMEX,ENV=PROD,STATUS=OPTIMIZED
2025-12-14T13:29:28Z,ROUTING,ATM,LOCATION=TOKYO,ENV=PROD,STATUS=OPTIMIZED
2025-12-14T13:29:28Z,ROUTING,ATM,LOCATION=SINGAPORE,ENV=PROD,STATUS=OPTIMIZED
2025-12-14T13:29:28Z,ROUTING,ATM,LOCATION=MALTA,ENV=PROD,STATUS=OPTIMIZED
2025-12-14T13:29:28Z,ROUTING,ATM,LOCATION=HONGKONG,ENV=PROD,STATUS=OPTIMIZED
2025-12-14T13:29:28Z,ROUTING,ATM,LOCATION=ESTONIA,ENV=PROD,STATUS=OPTIMIZED
2025-12-14T13:29:28Z,ROUTING,ATM,LOCATION=PANAMA,ENV=PROD,STATUS=OPTIMIZED
2025-12-14T13:29:28Z,ROUTING,ATM,LOCATION=CAYMAN,ENV=PROD,STATUS=OPTIMIZED
2025-12-14T13:29:28Z,HUD,ROUTING_STATUS,ENV=PROD,DISPLAY=VISIBLE
2025-12-14T13:29:28Z,AUDIT,ROUTING_OPTIMIZATION_PUBLIC,ENV=PROD,STATUS=VISIBLE
2025-12-14T13:29:56Z,SYSTEM,AI_DECISION_ENGINE,ENV=PROD,STATUS=ENABLED
2025-12-14T13:29:56Z,AI,TRANSFER_OPTIMIZATION,ASSET=USD,ENV=PROD,STATUS=AUTO
2025-12-14T13:29:56Z,AI,CRYPTO_BRIDGE,ASSET=BTC,ENV=PROD,STATUS=AUTO
2025-12-14T13:29:56Z,AI,CRYPTO_BRIDGE,ASSET=ETH,ENV=PROD,STATUS=AUTO
2025-12-14T13:29:56Z,AI,CRYPTO_BRIDGE,ASSET=USDT,ENV=PROD,STATUS=AUTO
2025-12-14T13:29:56Z,AI,CRYPTO_BRIDGE,ASSET=SOL,ENV=PROD,STATUS=AUTO
2025-12-14T13:29:56Z,AI,CRYPTO_BRIDGE,ASSET=XRP,ENV=PROD,STATUS=AUTO
2025-12-14T13:29:56Z,AI,CARD_ROUTING,NAME=VISA,ENV=PROD,STATUS=AUTO
2025-12-14T13:29:56Z,AI,CARD_ROUTING,NAME=MASTERCARD,ENV=PROD,STATUS=AUTO
2025-12-14T13:29:56Z,AI,CARD_ROUTING,NAME=JCB,ENV=PROD,STATUS=AUTO
2025-12-14T13:29:56Z,AI,CARD_ROUTING,NAME=AMEX,ENV=PROD,STATUS=AUTO
2025-12-14T13:29:56Z,AI,ATM_CONTROL,LOCATION=TOKYO,ENV=PROD,STATUS=AUTO
2025-12-14T13:29:56Z,AI,ATM_CONTROL,LOCATION=SINGAPORE,ENV=PROD,STATUS=AUTO
2025-12-14T13:29:56Z,AI,ATM_CONTROL,LOCATION=MALTA,ENV=PROD,STATUS=AUTO
2025-12-14T13:29:56Z,AI,ATM_CONTROL,LOCATION=HONGKONG,ENV=PROD,STATUS=AUTO
2025-12-14T13:29:56Z,AI,ATM_CONTROL,LOCATION=ESTONIA,ENV=PROD,STATUS=AUTO
2025-12-14T13:29:56Z,AI,ATM_CONTROL,LOCATION=PANAMA,ENV=PROD,STATUS=AUTO
2025-12-14T13:29:56Z,AI,ATM_CONTROL,LOCATION=CAYMAN,ENV=PROD,STATUS=AUTO
2025-12-14T13:29:56Z,AI,ASSET_MANAGEMENT,ENV=PROD,STATUS=AUTO
2025-12-14T13:29:56Z,HUD,AI_DECISION_STATUS,ENV=PROD,DISPLAY=VISIBLE
2025-12-14T13:29:56Z,AUDIT,AI_DECISION_PUBLIC,ENV=PROD,STATUS=VISIBLE
2025-12-14T13:30:27Z,SYSTEM,FUTURE_SCENARIO_ENGINE,ENV=PROD,STATUS=ENABLED
2025-12-14T13:30:27Z,SIMULATION,FUTURE_FLOW,ASSET=USD,FROM=WALLET_CORE,TO=BANK_ROUTE_A,WINDOW=NEXT_24H,ENV=PROD,STATUS=PREDICTED
2025-12-14T13:30:27Z,SIMULATION,FUTURE_CRYPTO,ASSET=BTC,WINDOW=NEXT_7D,ENV=PROD,STATUS=PREDICTED
2025-12-14T13:30:27Z,SIMULATION,FUTURE_CRYPTO,ASSET=ETH,WINDOW=NEXT_7D,ENV=PROD,STATUS=PREDICTED
2025-12-14T13:30:27Z,SIMULATION,FUTURE_CRYPTO,ASSET=USDT,WINDOW=NEXT_7D,ENV=PROD,STATUS=PREDICTED
2025-12-14T13:30:27Z,SIMULATION,FUTURE_CRYPTO,ASSET=SOL,WINDOW=NEXT_7D,ENV=PROD,STATUS=PREDICTED
2025-12-14T13:30:27Z,SIMULATION,FUTURE_CRYPTO,ASSET=XRP,WINDOW=NEXT_7D,ENV=PROD,STATUS=PREDICTED
2025-12-14T13:30:27Z,SIMULATION,FUTURE_CARD,NAME=VISA,WINDOW=NEXT_30D,ENV=PROD,STATUS=PREDICTED
2025-12-14T13:30:27Z,SIMULATION,FUTURE_CARD,NAME=MASTERCARD,WINDOW=NEXT_30D,ENV=PROD,STATUS=PREDICTED
2025-12-14T13:30:27Z,SIMULATION,FUTURE_CARD,NAME=JCB,WINDOW=NEXT_30D,ENV=PROD,STATUS=PREDICTED
2025-12-14T13:30:27Z,SIMULATION,FUTURE_CARD,NAME=AMEX,WINDOW=NEXT_30D,ENV=PROD,STATUS=PREDICTED
2025-12-14T13:30:27Z,SIMULATION,FUTURE_ATM,LOCATION=TOKYO,WINDOW=NEXT_30D,ENV=PROD,STATUS=PREDICTED
2025-12-14T13:30:27Z,SIMULATION,FUTURE_ATM,LOCATION=SINGAPORE,WINDOW=NEXT_30D,ENV=PROD,STATUS=PREDICTED
2025-12-14T13:30:27Z,SIMULATION,FUTURE_ATM,LOCATION=MALTA,WINDOW=NEXT_30D,ENV=PROD,STATUS=PREDICTED
2025-12-14T13:30:27Z,SIMULATION,FUTURE_ATM,LOCATION=HONGKONG,WINDOW=NEXT_30D,ENV=PROD,STATUS=PREDICTED
2025-12-14T13:30:27Z,SIMULATION,FUTURE_ATM,LOCATION=ESTONIA,WINDOW=NEXT_30D,ENV=PROD,STATUS=PREDICTED
2025-12-14T13:30:27Z,SIMULATION,FUTURE_ATM,LOCATION=PANAMA,WINDOW=NEXT_30D,ENV=PROD,STATUS=PREDICTED
2025-12-14T13:30:27Z,SIMULATION,FUTURE_ATM,LOCATION=CAYMAN,WINDOW=NEXT_30D,ENV=PROD,STATUS=PREDICTED
2025-12-14T13:30:27Z,HUD,FUTURE_ASSET_SIMULATION,ENV=PROD,DISPLAY=VISIBLE
2025-12-14T13:30:27Z,AUDIT,FUTURE_SIMULATION_PUBLIC,ENV=PROD,STATUS=VISIBLE
2025-12-14T13:30:48Z,SYSTEM,SELF_EVOLUTION_ENGINE,ENV=PROD,STATUS=ENABLED
2025-12-14T13:30:48Z,EVOLUTION,HISTORY_ANALYSIS,DATASET=ALL_MODULES_LOG,ENV=PROD,STATUS=ACTIVE
2025-12-14T13:30:48Z,EVOLUTION,FUTURE_SCENARIO,INPUT=SIMULATION_ENGINE,ENV=PROD,STATUS=ACTIVE
2025-12-14T13:30:48Z,EVOLUTION,MODULE,BANK_API,ENV=PROD,STATUS=UPGRADED
2025-12-14T13:30:48Z,EVOLUTION,MODULE,NEOBANK_API,ENV=PROD,STATUS=UPGRADED
2025-12-14T13:30:48Z,EVOLUTION,MODULE,PAYMENT_GATEWAY,ENV=PROD,STATUS=UPGRADED
2025-12-14T13:30:48Z,EVOLUTION,MODULE,CARD,ENV=PROD,STATUS=UPGRADED
2025-12-14T13:30:48Z,EVOLUTION,MODULE,CRYPTO,ENV=PROD,STATUS=UPGRADED
2025-12-14T13:30:48Z,EVOLUTION,MODULE,WEB3_WALLET,ENV=PROD,STATUS=UPGRADED
2025-12-14T13:30:49Z,EVOLUTION,MODULE,ASSET_MANAGEMENT,ENV=PROD,STATUS=UPGRADED
2025-12-14T13:30:49Z,EVOLUTION,MODULE,ATM,ENV=PROD,STATUS=UPGRADED
2025-12-14T13:30:49Z,HUD,SELF_EVOLUTION_STATUS,ENV=PROD,DISPLAY=VISIBLE
2025-12-14T13:30:49Z,AUDIT,SELF_EVOLUTION_PUBLIC,ENV=PROD,STATUS=VISIBLE
2025-12-14T13:31:58Z,SYSTEM,GALACTIC_HUD,ENV=PROD,STATUS=ENABLED
2025-12-14T13:31:58Z,HUD,GALACTIC_PULSE,BRANDS=ALL,ASSETS=ALL,MODULES=ALL,ENV=PROD,STATUS=VISIBLE
2025-12-14T13:31:58Z,HUD,GALACTIC_ASSET_GRAPH,TIMESCALE=PAST_PRESENT_FUTURE,ENV=PROD,STATUS=VISIBLE
2025-12-14T13:31:58Z,HUD,GALACTIC_TIMELINE,EVENTS=TRANSFER,CRYPTO,CARD,ATM,EVOLUTION,ENV=PROD,STATUS=VISIBLE
2025-12-14T13:31:58Z,AUDIT,GALACTIC_HUD_PUBLIC,ENV=PROD,STATUS=VISIBLE
