2025-12-14T12:58:06Z,STATUS,ALL_SYSTEMS_ONLINE,ENV=PROD
2025-12-14T12:58:06Z,MODULE,コープ,STATUS=ONLINE,ENV=PROD
2025-12-14T12:58:06Z,MODULE,送信,STATUS=ONLINE,ENV=PROD
2025-12-14T12:58:06Z,MODULE,ATM,STATUS=ONLINE,ENV=PROD
2025-12-14T12:58:06Z,MODULE,カード,STATUS=ONLINE,ENV=PROD
2025-12-14T12:58:06Z,MODULE,暗号通貨,STATUS=ONLINE,ENV=PROD
2025-12-14T12:58:06Z,MODULE,PWA,STATUS=ONLINE,ENV=PROD
2025-12-14T12:58:06Z,MODULE,ウェブ,STATUS=ONLINE,ENV=PROD
2025-12-14T12:58:06Z,MODULE,データ,STATUS=ONLINE,ENV=PROD
2025-12-14T12:58:06Z,MODULE,UI_UX,STATUS=ONLINE,ENV=PROD
2025-12-14T12:58:06Z,MODULE,健康,STATUS=ONLINE,ENV=PROD
2025-12-14T12:58:06Z,MODULE,リアルAPI,STATUS=ONLINE,ENV=PROD
2025-12-14T12:58:06Z,MODULE,法的,STATUS=ONLINE,ENV=PROD
2025-12-14T12:58:06Z,MODULE,監査,STATUS=ONLINE,ENV=PROD
2025-12-14T12:58:06Z,MODULE,免許,STATUS=ONLINE,ENV=PROD
2025-12-14T12:58:06Z,MODULE,本番アプリ,STATUS=ONLINE,ENV=PROD
2025-12-14T12:58:06Z,MODULE,管理,STATUS=ONLINE,ENV=PROD
2025-12-14T12:59:13Z,STATUS,ALL_SYSTEMS_ONLINE,ENV=PROD
2025-12-14T12:59:13Z,MODULE,コープ,STATUS=ONLINE,ENV=PROD
2025-12-14T12:59:13Z,MODULE,送信,STATUS=ONLINE,ENV=PROD
2025-12-14T12:59:13Z,MODULE,ATM,STATUS=ONLINE,ENV=PROD
2025-12-14T12:59:13Z,MODULE,カード,STATUS=ONLINE,ENV=PROD
2025-12-14T12:59:13Z,MODULE,暗号通貨,STATUS=ONLINE,ENV=PROD
2025-12-14T12:59:13Z,MODULE,PWA,STATUS=ONLINE,ENV=PROD
2025-12-14T12:59:13Z,MODULE,ウェブ,STATUS=ONLINE,ENV=PROD
2025-12-14T12:59:13Z,MODULE,データ,STATUS=ONLINE,ENV=PROD
2025-12-14T12:59:13Z,MODULE,UI_UX,STATUS=ONLINE,ENV=PROD
2025-12-14T12:59:13Z,MODULE,健康,STATUS=ONLINE,ENV=PROD
2025-12-14T12:59:13Z,MODULE,リアルAPI,STATUS=ONLINE,ENV=PROD
2025-12-14T12:59:13Z,MODULE,法的,STATUS=ONLINE,ENV=PROD
2025-12-14T12:59:13Z,MODULE,監査,STATUS=ONLINE,ENV=PROD
2025-12-14T12:59:13Z,MODULE,免許,STATUS=ONLINE,ENV=PROD
2025-12-14T12:59:13Z,MODULE,本番アプリ,STATUS=ONLINE,ENV=PROD
2025-12-14T12:59:13Z,MODULE,管理,STATUS=ONLINE,ENV=PROD
2025-12-14T13:00:50Z,HUD,PUBLIC,ENV=PROD,STATUS=VISIBLE
