0 verbose cli /usr/bin/node /usr/bin/npm
1 info using npm@10.8.2
2 info using node@v20.19.6
3 silly config load:file:/usr/lib/node_modules/npm/npmrc
4 silly config load:file:/home/tkg_h30_2018/.npmrc
5 silly config load:file:/usr/etc/npmrc
6 verbose title npm install
7 verbose argv "install"
8 verbose logfile logs-max:10 dir:/home/tkg_h30_2018/.npm/_logs/2025-12-14T20_22_12_392Z-
9 verbose logfile /home/tkg_h30_2018/.npm/_logs/2025-12-14T20_22_12_392Z-debug-0.log
10 silly packumentCache heap:4345298944 maxSize:1086324736 maxEntrySize:543162368
11 silly logfile start cleaning logs, removing 1 files
12 silly logfile done cleaning log files
13 silly idealTree buildDeps
14 silly reify moves {}
15 silly audit bulk request {
15 silly audit   '@adraffy/ens-normalize': [ '1.11.1' ],
15 silly audit   '@babel/runtime': [ '7.28.4' ],
15 silly audit   '@cspotcode/source-map-support': [ '0.8.1' ],
15 silly audit   '@ecies/ciphers': [ '0.2.5' ],
15 silly audit   '@edge-runtime/format': [ '2.2.1' ],
15 silly audit   '@edge-runtime/node-utils': [ '2.3.0' ],
15 silly audit   '@edge-runtime/ponyfill': [ '2.4.2' ],
15 silly audit   '@edge-runtime/primitives': [ '4.1.0' ],
15 silly audit   '@edge-runtime/vm': [ '3.2.0' ],
15 silly audit   '@ethereumjs/common': [ '3.2.0' ],
15 silly audit   '@ethereumjs/rlp': [ '4.0.1', '5.0.2' ],
15 silly audit   '@ethereumjs/tx': [ '4.2.0' ],
15 silly audit   '@ethereumjs/util': [ '8.1.0' ],
15 silly audit   '@fastify/busboy': [ '2.1.1' ],
15 silly audit   '@isaacs/fs-minipass': [ '4.0.1' ],
15 silly audit   minipass: [ '7.1.2', '2.9.0' ],
15 silly audit   '@jridgewell/resolve-uri': [ '3.1.2' ],
15 silly audit   '@jridgewell/sourcemap-codec': [ '1.5.5' ],
15 silly audit   '@jridgewell/trace-mapping': [ '0.3.9' ],
15 silly audit   '@mapbox/node-pre-gyp': [ '2.0.3' ],
15 silly audit   chownr: [ '3.0.0', '1.1.4' ],
15 silly audit   minizlib: [ '3.1.0', '1.3.3' ],
15 silly audit   tar: [ '7.5.2', '4.4.18' ],
15 silly audit   yallist: [ '5.0.0', '4.0.0', '3.1.1' ],
15 silly audit   '@metamask/json-rpc-engine': [ '8.0.2' ],
15 silly audit   '@metamask/json-rpc-middleware-stream': [ '7.0.2' ],
15 silly audit   '@metamask/object-multiplex': [ '2.1.0' ],
15 silly audit   '@metamask/onboarding': [ '1.0.1' ],
15 silly audit   '@metamask/providers': [ '16.1.0' ],
15 silly audit   '@metamask/rpc-errors': [ '6.4.0' ],
15 silly audit   '@metamask/utils': [ '9.3.0', '8.5.0' ],
15 silly audit   uuid: [ '9.0.1', '3.3.2', '8.3.2' ],
15 silly audit   '@metamask/safe-event-emitter': [ '3.1.2' ],
15 silly audit   '@metamask/sdk': [ '0.33.1' ],
15 silly audit   '@metamask/sdk-analytics': [ '0.0.5' ],
15 silly audit   '@metamask/sdk-communication-layer': [ '0.33.1' ],
15 silly audit   '@metamask/sdk-install-modal-web': [ '0.32.1' ],
15 silly audit   '@metamask/superstruct': [ '3.2.1' ],
15 silly audit   '@noble/ciphers': [ '1.3.0' ],
15 silly audit   '@noble/curves': [ '1.9.7', '1.4.2', '1.9.1' ],
15 silly audit   '@noble/hashes': [ '1.8.0', '1.4.0' ],
15 silly audit   '@nodelib/fs.scandir': [ '2.1.5' ],
15 silly audit   '@nodelib/fs.stat': [ '2.0.5' ],
15 silly audit   '@nodelib/fs.walk': [ '1.2.8' ],
15 silly audit   '@paulmillr/qr': [ '0.2.1' ],
15 silly audit   '@rollup/pluginutils': [ '5.3.0' ],
15 silly audit   '@scure/base': [ '1.2.6', '1.1.9' ],
15 silly audit   '@scure/bip32': [ '1.4.0', '1.7.0' ],
15 silly audit   '@scure/bip39': [ '1.3.0', '1.6.0' ],
15 silly audit   '@sinclair/typebox': [ '0.25.24' ],
15 silly audit   '@socket.io/component-emitter': [ '3.1.2' ],
15 silly audit   '@tanstack/query-core': [ '5.90.12' ],
15 silly audit   '@tanstack/react-query': [ '5.90.12' ],
15 silly audit   '@tootallnate/once': [ '2.0.0' ],
15 silly audit   '@ts-morph/common': [ '0.11.1' ],
15 silly audit   mkdirp: [ '1.0.4', '0.5.6' ],
15 silly audit   '@tsconfig/node10': [ '1.0.12' ],
15 silly audit   '@tsconfig/node12': [ '1.0.11' ],
15 silly audit   '@tsconfig/node14': [ '1.0.3' ],
15 silly audit   '@tsconfig/node16': [ '1.0.4' ],
15 silly audit   '@types/debug': [ '4.1.12' ],
15 silly audit   '@types/estree': [ '1.0.8' ],
15 silly audit   '@types/json-schema': [ '7.0.15' ],
15 silly audit   '@types/ms': [ '2.1.0' ],
15 silly audit   '@types/node': [ '16.18.11' ],
15 silly audit   '@types/ws': [ '8.5.3' ],
15 silly audit   '@vercel/build-utils': [ '9.2.1' ],
15 silly audit   '@vercel/error-utils': [ '2.0.3' ],
15 silly audit   '@vercel/fun': [ '1.1.4' ],
15 silly audit   ms: [ '2.1.1', '2.0.0', '2.1.2', '2.1.3' ],
15 silly audit   'node-fetch': [ '2.6.7', '2.6.9', '2.7.0' ],
15 silly audit   semver: [ '7.5.4', '6.3.1', '7.7.3' ],
15 silly audit   '@vercel/gatsby-plugin-vercel-analytics': [ '1.0.11' ],
15 silly audit   '@vercel/gatsby-plugin-vercel-builder': [ '2.0.68' ],
15 silly audit   '@vercel/go': [ '3.2.1' ],
15 silly audit   '@vercel/hydrogen': [ '1.1.0' ],
15 silly audit   '@vercel/next': [ '4.5.1' ],
15 silly audit   '@vercel/nft': [ '0.27.10' ],
15 silly audit   '@vercel/node': [ '5.1.2' ],
15 silly audit   'async-listen': [ '3.0.0', '1.2.0', '3.0.1' ],
15 silly audit   typescript: [ '4.9.5', '5.9.3' ],
15 silly audit   '@vercel/python': [ '4.7.1' ],
15 silly audit   '@vercel/redwood': [ '2.2.0' ],
15 silly audit   '@vercel/remix-builder': [ '5.2.3' ],
15 silly audit   '@vercel/routing-utils': [ '5.0.2' ],
15 silly audit   'path-to-regexp': [ '6.1.0', '1.9.0', '0.1.12', '6.3.0' ],
15 silly audit   '@vercel/ruby': [ '2.2.0' ],
15 silly audit   '@vercel/static-build': [ '2.6.1' ],
15 silly audit   '@vercel/static-config': [ '3.0.0' ],
15 silly audit   ajv: [ '8.6.3', '6.12.6' ],
15 silly audit   'json-schema-traverse': [ '1.0.0', '0.4.1' ],
15 silly audit   '@wagmi/connectors': [ '7.0.2' ],
15 silly audit   '@wagmi/core': [ '3.0.0' ],
15 silly audit   abbrev: [ '3.0.1' ],
15 silly audit   abitype: [ '1.1.0', '0.7.1' ],
15 silly audit   accepts: [ '1.3.8' ],
15 silly audit   acorn: [ '8.15.0' ],
15 silly audit   'acorn-import-attributes': [ '1.9.5' ],
15 silly audit   'acorn-walk': [ '8.3.4' ],
15 silly audit   'agent-base': [ '7.1.4' ],
15 silly audit   'any-promise': [ '1.3.0' ],
15 silly audit   arg: [ '4.1.0' ],
15 silly audit   'array-flatten': [ '1.1.1' ],
15 silly audit   'async-sema': [ '3.1.1' ],
15 silly audit   'available-typed-arrays': [ '1.0.7' ],
15 silly audit   'balanced-match': [ '1.0.2' ],
15 silly audit   bindings: [ '1.5.0' ],
15 silly audit   'body-parser': [ '1.20.4' ],
15 silly audit   debug: [ '2.6.9', '4.3.4' ],
15 silly audit   bowser: [ '2.13.1' ],
15 silly audit   'brace-expansion': [ '1.1.12' ],
15 silly audit   braces: [ '3.0.3' ],
15 silly audit   'buffer-crc32': [ '0.2.13' ],
15 silly audit   bufferutil: [ '4.0.9' ],
15 silly audit   bytes: [ '3.1.2', '3.1.0' ],
15 silly audit   'call-bind': [ '1.0.8' ],
15 silly audit   'call-bind-apply-helpers': [ '1.0.2' ],
15 silly audit   'call-bound': [ '1.0.4' ],
15 silly audit   chokidar: [ '4.0.0' ],
15 silly audit   'cjs-module-lexer': [ '1.2.3' ],
15 silly audit   'code-block-writer': [ '10.1.1' ],
15 silly audit   'concat-map': [ '0.0.1' ],
15 silly audit   consola: [ '3.4.2' ],
15 silly audit   'content-disposition': [ '0.5.4' ],
15 silly audit   'content-type': [ '1.0.5', '1.0.4' ],
15 silly audit   'convert-hrtime': [ '3.0.0' ],
15 silly audit   cookie: [ '0.7.2' ],
15 silly audit   'cookie-signature': [ '1.0.7' ],
15 silly audit   'core-util-is': [ '1.0.3' ],
15 silly audit   'crc-32': [ '1.2.2' ],
15 silly audit   'create-require': [ '1.1.1' ],
15 silly audit   'cross-fetch': [ '4.1.0' ],
15 silly audit   'date-fns': [ '2.30.0' ],
15 silly audit   'define-data-property': [ '1.1.4' ],
15 silly audit   depd: [ '2.0.0', '1.1.2' ],
15 silly audit   destroy: [ '1.2.0' ],
15 silly audit   'detect-browser': [ '5.3.0' ],
15 silly audit   'detect-libc': [ '2.1.2' ],
15 silly audit   diff: [ '4.0.2' ],
15 silly audit   'dunder-proto': [ '1.0.1' ],
15 silly audit   eciesjs: [ '0.4.16' ],
15 silly audit   'edge-runtime': [ '2.5.9' ],
15 silly audit   'ee-first': [ '1.1.1' ],
15 silly audit   encodeurl: [ '2.0.0', '1.0.2' ],
15 silly audit   'end-of-stream': [ '1.4.5', '1.1.0' ],
15 silly audit   'engine.io-client': [ '6.6.3' ],
15 silly audit   'engine.io-parser': [ '5.2.3' ],
15 silly audit   'es-define-property': [ '1.0.1' ],
15 silly audit   'es-errors': [ '1.3.0' ],
15 silly audit   'es-module-lexer': [ '1.4.1' ],
15 silly audit   'es-object-atoms': [ '1.1.1' ],
15 silly audit   esbuild: [ '0.14.47' ],
15 silly audit   'esbuild-linux-64': [ '0.14.47' ],
15 silly audit   'escape-html': [ '1.0.3' ],
15 silly audit   'estree-walker': [ '2.0.2' ],
15 silly audit   etag: [ '1.8.1' ],
15 silly audit   'eth-rpc-errors': [ '4.0.3' ],
15 silly audit   'ethereum-cryptography': [ '2.2.1' ],
15 silly audit   eventemitter2: [ '6.4.9' ],
15 silly audit   eventemitter3: [ '5.0.1' ],
15 silly audit   'events-intercept': [ '2.0.0' ],
15 silly audit   express: [ '4.22.1' ],
15 silly audit   'extension-port-stream': [ '3.0.0' ],
15 silly audit   'fast-deep-equal': [ '3.1.3' ],
15 silly audit   'fast-glob': [ '3.3.3' ],
15 silly audit   'fast-json-stable-stringify': [ '2.1.0' ],
15 silly audit   'fast-safe-stringify': [ '2.1.1' ],
15 silly audit   fastq: [ '1.19.1' ],
15 silly audit   'fd-slicer': [ '1.1.0' ],
15 silly audit   'file-uri-to-path': [ '1.0.0' ],
15 silly audit   'fill-range': [ '7.1.1' ],
15 silly audit   finalhandler: [ '1.3.2' ],
15 silly audit   'for-each': [ '0.3.5' ],
15 silly audit   forwarded: [ '0.2.0' ],
15 silly audit   fresh: [ '0.5.2' ],
15 silly audit   'fs-extra': [ '11.1.0' ],
15 silly audit   'fs-minipass': [ '1.2.7' ],
15 silly audit   'fs.realpath': [ '1.0.0' ],
15 silly audit   'function-bind': [ '1.1.2' ],
15 silly audit   'generator-function': [ '2.0.1' ],
15 silly audit   'generic-pool': [ '3.4.2' ],
15 silly audit   'get-intrinsic': [ '1.3.0' ],
15 silly audit   'get-proto': [ '1.0.1' ],
15 silly audit   glob: [ '7.2.3' ],
15 silly audit   'glob-parent': [ '5.1.2' ],
15 silly audit   gopd: [ '1.2.0' ],
15 silly audit   'graceful-fs': [ '4.2.11' ],
15 silly audit   'has-property-descriptors': [ '1.0.2' ],
15 silly audit   'has-symbols': [ '1.1.0' ],
15 silly audit   'has-tostringtag': [ '1.0.2' ],
15 silly audit   hasown: [ '2.0.2' ],
15 silly audit   'http-errors': [ '2.0.1', '1.7.3', '1.4.0', '2.0.0' ],
15 silly audit   'https-proxy-agent': [ '7.0.6' ],
15 silly audit   'iconv-lite': [ '0.4.24' ],
15 silly audit   inflight: [ '1.0.6' ],
15 silly audit   inherits: [ '2.0.4', '2.0.1' ],
15 silly audit   'ipaddr.js': [ '1.9.1' ],
15 silly audit   'is-arguments': [ '1.2.0' ],
15 silly audit   'is-callable': [ '1.2.7' ],
15 silly audit   'is-extglob': [ '2.1.1' ],
15 silly audit   'is-generator-function': [ '1.1.2' ],
15 silly audit   'is-glob': [ '4.0.3' ],
15 silly audit   'is-number': [ '7.0.0' ],
15 silly audit   'is-regex': [ '1.2.1' ],
15 silly audit   'is-stream': [ '2.0.1' ],
15 silly audit   'is-typed-array': [ '1.1.15' ],
15 silly audit   isarray: [ '1.0.0', '0.0.1' ],
15 silly audit   'isomorphic-ws': [ '5.0.0' ],
15 silly audit   isows: [ '1.0.7' ],
15 silly audit   'json-schema-to-ts': [ '1.6.4' ],
15 silly audit   jsonfile: [ '6.2.0' ],
15 silly audit   'lru-cache': [ '6.0.0' ],
15 silly audit   'make-error': [ '1.3.6' ],
15 silly audit   'math-intrinsics': [ '1.1.0' ],
15 silly audit   'media-typer': [ '0.3.0' ],
15 silly audit   'merge-descriptors': [ '1.0.3' ],
15 silly audit   merge2: [ '1.4.1' ],
15 silly audit   methods: [ '1.1.2' ],
15 silly audit   micro: [ '9.3.5-canary.3' ],
15 silly audit   'raw-body': [ '2.4.1', '2.5.3' ],
15 silly audit   setprototypeof: [ '1.1.1', '1.2.0' ],
15 silly audit   statuses: [ '1.5.0', '2.0.1', '2.0.2' ],
15 silly audit   toidentifier: [ '1.0.0', '1.0.1' ],
15 silly audit   'micro-ftch': [ '0.3.1' ],
15 silly audit   micromatch: [ '4.0.8' ],
15 silly audit   picomatch: [ '2.3.1', '4.0.3' ],
15 silly audit   mime: [ '1.6.0' ],
15 silly audit   'mime-db': [ '1.52.0' ],
15 silly audit   'mime-types': [ '2.1.35' ],
15 silly audit   minimatch: [ '3.1.2' ],
15 silly audit   minimist: [ '1.2.8' ],
15 silly audit   mipd: [ '0.0.7' ],
15 silly audit   mri: [ '1.2.0' ],
15 silly audit   negotiator: [ '0.6.3' ],
15 silly audit   'node-gyp-build': [ '4.8.4' ],
15 silly audit   nopt: [ '8.1.0' ],
15 silly audit   'obj-multiplex': [ '1.0.0' ],
15 silly audit   'readable-stream': [ '2.3.8', '3.6.2' ],
15 silly audit   'safe-buffer': [ '5.1.2', '5.2.1' ],
15 silly audit   string_decoder: [ '1.1.1', '1.3.0' ],
15 silly audit   'object-inspect': [ '1.13.4' ],
15 silly audit   'on-finished': [ '2.4.1' ],
15 silly audit   once: [ '1.4.0', '1.3.3' ],
15 silly audit   'openapi-fetch': [ '0.13.8' ],
15 silly audit   'openapi-typescript-helpers': [ '0.0.15' ],
15 silly audit   'os-paths': [ '4.4.0' ],
15 silly audit   ox: [ '0.9.6' ],
15 silly audit   'parse-ms': [ '2.1.0' ],
15 silly audit   parseurl: [ '1.3.3' ],
15 silly audit   'path-browserify': [ '1.0.1' ],
15 silly audit   'path-is-absolute': [ '1.0.1' ],
15 silly audit   'path-match': [ '1.2.4' ],
15 silly audit   pend: [ '1.2.0' ],
15 silly audit   picocolors: [ '1.0.0' ],
15 silly audit   'pony-cause': [ '2.1.11' ],
15 silly audit   'possible-typed-array-names': [ '1.1.0' ],
15 silly audit   'pretty-ms': [ '7.0.1' ],
15 silly audit   'process-nextick-args': [ '2.0.1' ],
15 silly audit   promisepipe: [ '3.0.0' ],
15 silly audit   'proxy-addr': [ '2.0.7' ],
15 silly audit   pump: [ '3.0.3' ],
15 silly audit   punycode: [ '2.3.1' ],
15 silly audit   qs: [ '6.14.0' ],
15 silly audit   'queue-microtask': [ '1.2.3' ],
15 silly audit   'range-parser': [ '1.2.1' ],
15 silly audit   react: [ '19.2.3' ],
15 silly audit   readdirp: [ '4.1.2' ],
15 silly audit   'require-from-string': [ '2.0.2' ],
15 silly audit   'resolve-from': [ '5.0.0' ],
15 silly audit   reusify: [ '1.1.0' ],
15 silly audit   'run-parallel': [ '1.2.0' ],
15 silly audit   'safe-regex-test': [ '1.1.0' ],
15 silly audit   'safer-buffer': [ '2.1.2' ],
15 silly audit   send: [ '0.19.1', '0.19.0' ],
15 silly audit   'serve-static': [ '1.16.2' ],
15 silly audit   'set-function-length': [ '1.2.2' ],
15 silly audit   setimmediate: [ '1.0.5' ],
15 silly audit   'side-channel': [ '1.1.0' ],
15 silly audit   'side-channel-list': [ '1.0.0' ],
15 silly audit   'side-channel-map': [ '1.0.1' ],
15 silly audit   'side-channel-weakmap': [ '1.0.2' ],
15 silly audit   'signal-exit': [ '4.0.2' ],
15 silly audit   'socket.io-client': [ '4.8.1' ],
15 silly audit   'socket.io-parser': [ '4.2.4' ],
15 silly audit   'stat-mode': [ '0.3.0' ],
15 silly audit   'stream-to-array': [ '2.3.0' ],
15 silly audit   'stream-to-promise': [ '2.2.0' ],
15 silly audit   'time-span': [ '4.0.0' ],
15 silly audit   tinyexec: [ '0.3.2' ],
15 silly audit   'to-regex-range': [ '5.0.1' ],
15 silly audit   tr46: [ '0.0.3' ],
15 silly audit   'tree-kill': [ '1.2.2' ],
15 silly audit   'ts-morph': [ '12.0.0' ],
15 silly audit   'ts-node': [ '10.9.1' ],
15 silly audit   'ts-toolbelt': [ '6.15.5' ],
15 silly audit   tslib: [ '2.8.1' ],
15 silly audit   'type-is': [ '1.6.18' ],
15 silly audit   'uid-promise': [ '1.0.0' ],
15 silly audit   undici: [ '5.28.4' ],
15 silly audit   universalify: [ '2.0.1' ],
15 silly audit   unpipe: [ '1.0.0' ],
15 silly audit   'uri-js': [ '4.4.1' ],
15 silly audit   'use-sync-external-store': [ '1.4.0' ],
15 silly audit   'utf-8-validate': [ '5.0.10' ],
15 silly audit   util: [ '0.12.5' ],
15 silly audit   'util-deprecate': [ '1.0.2' ],
15 silly audit   'utils-merge': [ '1.0.1' ],
15 silly audit   'v8-compile-cache-lib': [ '3.0.1' ],
15 silly audit   vary: [ '1.1.2' ],
15 silly audit   vercel: [ '41.0.2' ],
15 silly audit   viem: [ '2.42.0' ],
15 silly audit   ws: [ '8.18.3', '8.17.1' ],
15 silly audit   wagmi: [ '3.1.0' ],
15 silly audit   'web-vitals': [ '0.2.4' ],
15 silly audit   web3: [ '4.16.0' ],
15 silly audit   'web3-core': [ '4.7.1' ],
15 silly audit   'web3-errors': [ '1.3.1' ],
15 silly audit   'web3-eth': [ '4.11.1' ],
15 silly audit   'web3-eth-abi': [ '4.4.1' ],
15 silly audit   'web3-eth-accounts': [ '4.3.1' ],
15 silly audit   'web3-eth-contract': [ '4.7.2' ],
15 silly audit   'web3-eth-ens': [ '4.4.0' ],
15 silly audit   'web3-eth-iban': [ '4.0.7' ],
15 silly audit   'web3-eth-personal': [ '4.1.0' ],
15 silly audit   'web3-net': [ '4.1.0' ],
15 silly audit   'web3-providers-http': [ '4.2.0' ],
15 silly audit   'web3-providers-ipc': [ '4.0.7' ],
15 silly audit   'web3-providers-ws': [ '4.0.8' ],
15 silly audit   'web3-rpc-methods': [ '1.3.0' ],
15 silly audit   'web3-rpc-providers': [ '1.0.0-rc.4' ],
15 silly audit   'web3-types': [ '1.10.0' ],
15 silly audit   'web3-utils': [ '4.3.3' ],
15 silly audit   'web3-validator': [ '2.0.6' ],
15 silly audit   'webextension-polyfill': [ '0.10.0' ],
15 silly audit   'webidl-conversions': [ '3.0.1' ],
15 silly audit   'whatwg-url': [ '5.0.0' ],
15 silly audit   'which-typed-array': [ '1.1.19' ],
15 silly audit   wrappy: [ '1.0.2' ],
15 silly audit   'xdg-app-paths': [ '5.1.0' ],
15 silly audit   'xdg-portable': [ '7.3.0' ],
15 silly audit   'xmlhttprequest-ssl': [ '2.1.2' ],
15 silly audit   yauzl: [ '2.10.0' ],
15 silly audit   'yauzl-clone': [ '1.0.4' ],
15 silly audit   'yauzl-promise': [ '2.1.3' ],
15 silly audit   yn: [ '3.1.1' ],
15 silly audit   zod: [ '3.22.4' ],
15 silly audit   zustand: [ '5.0.0' ]
15 silly audit }
16 http fetch POST 200 https://registry.npmjs.org/-/npm/v1/security/advisories/bulk 380ms
17 silly audit report {
17 silly audit report   tar: [
17 silly audit report     {
17 silly audit report       id: 1097493,
17 silly audit report       url: 'https://github.com/advisories/GHSA-f5x3-32g6-xq36',
17 silly audit report       title: 'Denial of service while parsing a tar file due to lack of folders count validation',
17 silly audit report       severity: 'moderate',
17 silly audit report       vulnerable_versions: '<6.2.1',
17 silly audit report       cwe: [Array],
17 silly audit report       cvss: [Object]
17 silly audit report     }
17 silly audit report   ],
17 silly audit report   'path-to-regexp': [
17 silly audit report     {
17 silly audit report       id: 1101846,
17 silly audit report       url: 'https://github.com/advisories/GHSA-9wv6-86v2-598j',
17 silly audit report       title: 'path-to-regexp outputs backtracking regular expressions',
17 silly audit report       severity: 'high',
17 silly audit report       vulnerable_versions: '>=4.0.0 <6.3.0',
17 silly audit report       cwe: [Array],
17 silly audit report       cvss: [Object]
17 silly audit report     }
17 silly audit report   ],
17 silly audit report   esbuild: [
17 silly audit report     {
17 silly audit report       id: 1102341,
17 silly audit report       url: 'https://github.com/advisories/GHSA-67mh-4wv8-2f99',
17 silly audit report       title: 'esbuild enables any website to send any requests to the development server and read the response',
17 silly audit report       severity: 'moderate',
17 silly audit report       vulnerable_versions: '<=0.24.2',
17 silly audit report       cwe: [Array],
17 silly audit report       cvss: [Object]
17 silly audit report     }
17 silly audit report   ],
17 silly audit report   undici: [
17 silly audit report     {
17 silly audit report       id: 1101610,
17 silly audit report       url: 'https://github.com/advisories/GHSA-c76h-2ccp-4975',
17 silly audit report       title: 'Use of Insufficiently Random Values in undici',
17 silly audit report       severity: 'moderate',
17 silly audit report       vulnerable_versions: '>=4.5.0 <5.28.5',
17 silly audit report       cwe: [Array],
17 silly audit report       cvss: [Object]
17 silly audit report     },
17 silly audit report     {
17 silly audit report       id: 1104501,
17 silly audit report       url: 'https://github.com/advisories/GHSA-cxrh-j4jr-qwg3',
17 silly audit report       title: 'undici Denial of Service attack via bad certificate data',
17 silly audit report       severity: 'low',
17 silly audit report       vulnerable_versions: '<5.29.0',
17 silly audit report       cwe: [Array],
17 silly audit report       cvss: [Object]
17 silly audit report     }
17 silly audit report   ]
17 silly audit report }
18 silly packumentCache corgi:https://registry.npmjs.org/tar cache-miss
19 silly packumentCache corgi:https://registry.npmjs.org/path-to-regexp cache-miss
20 silly packumentCache corgi:https://registry.npmjs.org/esbuild cache-miss
21 silly packumentCache corgi:https://registry.npmjs.org/undici cache-miss
22 http fetch GET 200 https://registry.npmjs.org/path-to-regexp 19ms (cache hit)
23 silly packumentCache corgi:https://registry.npmjs.org/path-to-regexp set size:63416 disposed:false
24 http fetch GET 200 https://registry.npmjs.org/tar 22ms (cache hit)
25 silly packumentCache corgi:https://registry.npmjs.org/tar set size:160112 disposed:false
26 http fetch GET 200 https://registry.npmjs.org/esbuild 25ms (cache hit)
27 silly packumentCache corgi:https://registry.npmjs.org/esbuild set size:876133 disposed:false
28 http fetch GET 200 https://registry.npmjs.org/undici 34ms (cache hit)
29 silly packumentCache corgi:https://registry.npmjs.org/undici set size:395956 disposed:false
30 silly packumentCache corgi:https://registry.npmjs.org/@vercel%2ffun cache-miss
31 http fetch GET 200 https://registry.npmjs.org/@vercel%2ffun 4ms (cache hit)
32 silly packumentCache corgi:https://registry.npmjs.org/@vercel%2ffun set size:19522 disposed:false
33 silly packumentCache corgi:https://registry.npmjs.org/@vercel%2frouting-utils cache-miss
34 http fetch GET 200 https://registry.npmjs.org/@vercel%2frouting-utils 4ms (cache hit)
35 silly packumentCache corgi:https://registry.npmjs.org/@vercel%2frouting-utils set size:144227 disposed:false
36 silly packumentCache corgi:https://registry.npmjs.org/@vercel%2fgatsby-plugin-vercel-builder cache-miss
37 silly packumentCache corgi:https://registry.npmjs.org/@vercel%2fnode cache-miss
38 http fetch GET 200 https://registry.npmjs.org/@vercel%2fgatsby-plugin-vercel-builder 8ms (cache hit)
39 silly packumentCache corgi:https://registry.npmjs.org/@vercel%2fgatsby-plugin-vercel-builder set size:205741 disposed:false
40 http fetch GET 200 https://registry.npmjs.org/@vercel%2fnode 14ms (cache hit)
41 silly packumentCache corgi:https://registry.npmjs.org/@vercel%2fnode set size:725630 disposed:false
42 silly packumentCache corgi:https://registry.npmjs.org/vercel cache-miss
43 http fetch GET 200 https://registry.npmjs.org/vercel 15ms (cache hit)
44 silly packumentCache corgi:https://registry.npmjs.org/vercel set size:3591904 disposed:false
45 silly packumentCache corgi:https://registry.npmjs.org/@vercel%2fredwood cache-miss
46 http fetch GET 200 https://registry.npmjs.org/@vercel%2fredwood 9ms (cache hit)
47 silly packumentCache corgi:https://registry.npmjs.org/@vercel%2fredwood set size:256206 disposed:false
48 silly packumentCache corgi:https://registry.npmjs.org/@vercel%2fstatic-build cache-miss
49 http fetch GET 200 https://registry.npmjs.org/@vercel%2fstatic-build 7ms (cache hit)
50 silly packumentCache corgi:https://registry.npmjs.org/@vercel%2fstatic-build set size:540916 disposed:false
51 verbose cwd /home/tkg_h30_2018
52 verbose os Linux 6.1.0-41-cloud-amd64
53 verbose node v20.19.6
54 verbose npm  v10.8.2
55 verbose exit 0
56 info ok
