0 verbose cli /usr/bin/node /usr/bin/npm
1 info using npm@10.8.2
2 info using node@v20.19.6
3 silly config load:file:/usr/lib/node_modules/npm/npmrc
4 silly config load:file:/home/tkg_h30_2018/.npmrc
5 silly config load:file:/usr/etc/npmrc
6 verbose title npm run lint
7 verbose argv "run" "lint"
8 verbose logfile logs-max:10 dir:/home/tkg_h30_2018/.npm/_logs/2025-12-14T21_11_44_878Z-
9 verbose logfile /home/tkg_h30_2018/.npm/_logs/2025-12-14T21_11_44_878Z-debug-0.log
10 silly logfile start cleaning logs, removing 1 files
11 silly logfile done cleaning log files
12 verbose stack Error: Missing script: "lint"
12 verbose stack
12 verbose stack Did you mean this?
12 verbose stack   npm link # Symlink a package folder
12 verbose stack
12 verbose stack To see a list of scripts, run:
12 verbose stack   npm run
12 verbose stack     at #run (/usr/lib/node_modules/npm/lib/commands/run-script.js:110:13)
12 verbose stack     at async RunScript.exec (/usr/lib/node_modules/npm/lib/commands/run-script.js:39:7)
12 verbose stack     at async Npm.exec (/usr/lib/node_modules/npm/lib/npm.js:207:9)
12 verbose stack     at async module.exports (/usr/lib/node_modules/npm/lib/cli/entry.js:74:5)
13 error Missing script: "lint"
13 error
13 error Did you mean this?
13 error   npm link # Symlink a package folder
13 error
13 error To see a list of scripts, run:
13 error   npm run
14 verbose cwd /home/tkg_h30_2018
15 verbose os Linux 6.1.0-41-cloud-amd64
16 verbose node v20.19.6
17 verbose npm  v10.8.2
18 verbose exit 1
19 verbose code 1
20 error A complete log of this run can be found in: /home/tkg_h30_2018/.npm/_logs/2025-12-14T21_11_44_878Z-debug-0.log
