0 verbose cli /usr/bin/node /usr/bin/npm
1 info using npm@10.8.2
2 info using node@v20.19.6
3 silly config load:file:/usr/lib/node_modules/npm/npmrc
4 silly config load:file:/home/tkg_h30_2018/.npmrc
5 silly config load:file:/usr/etc/npmrc
6 verbose title npm ci
7 verbose argv "ci"
8 verbose logfile logs-max:10 dir:/home/tkg_h30_2018/.npm/_logs/2025-12-14T21_15_22_771Z-
9 verbose logfile /home/tkg_h30_2018/.npm/_logs/2025-12-14T21_15_22_771Z-debug-0.log
10 silly packumentCache heap:4345298944 maxSize:1086324736 maxEntrySize:543162368
11 silly logfile start cleaning logs, removing 1 files
12 silly logfile done cleaning log files
13 silly idealTree buildDeps
14 silly fetch manifest react@^18 || ^19
15 silly packumentCache full:https://registry.npmjs.org/react cache-miss
16 http fetch GET 200 https://registry.npmjs.org/react 26ms (cache hit)
17 silly packumentCache full:https://registry.npmjs.org/react set size:6346811 disposed:false
18 silly placeDep ROOT react@19.2.3 OK for: @tanstack/react-query@5.90.12 want: ^18 || ^19
19 silly fetch manifest typescript@>=5.7.3
20 silly packumentCache full:https://registry.npmjs.org/typescript cache-miss
21 http fetch GET 200 https://registry.npmjs.org/typescript 34ms (cache hit)
22 silly packumentCache full:https://registry.npmjs.org/typescript set size:15009309 disposed:false
23 silly placeDep ROOT typescript@5.9.3 REPLACE for: @wagmi/connectors@7.0.2 want: >=5.7.3
24 silly fetch manifest typescript@4.9.5
25 silly packumentCache full:https://registry.npmjs.org/typescript cache-miss
26 http fetch GET 200 https://registry.npmjs.org/typescript 41ms (cache hit)
27 silly packumentCache full:https://registry.npmjs.org/typescript set size:15009309 disposed:false
28 silly placeDep node_modules/@vercel/node typescript@4.9.5 OK for: @vercel/node@5.1.16 want: 4.9.5
29 verbose stack Error: 
29 verbose stack `npm ci` can only install packages when your package.json and package-lock.json or npm-shrinkwrap.json are in sync. Please update your lock file with `npm install` before continuing.
29 verbose stack
29 verbose stack Missing: react@19.2.3 from lock file
29 verbose stack Invalid: lock file's typescript@4.9.5 does not satisfy typescript@5.9.3
29 verbose stack Missing: typescript@4.9.5 from lock file
29 verbose stack
29 verbose stack Clean install a project
29 verbose stack
29 verbose stack Usage:
29 verbose stack npm ci
29 verbose stack
29 verbose stack Options:
29 verbose stack [--install-strategy <hoisted|nested|shallow|linked>] [--legacy-bundling]
29 verbose stack [--global-style] [--omit <dev|optional|peer> [--omit <dev|optional|peer> ...]]
29 verbose stack [--include <prod|dev|optional|peer> [--include <prod|dev|optional|peer> ...]]
29 verbose stack [--strict-peer-deps] [--foreground-scripts] [--ignore-scripts] [--no-audit]
29 verbose stack [--no-bin-links] [--no-fund] [--dry-run]
29 verbose stack [-w|--workspace <workspace-name> [-w|--workspace <workspace-name> ...]]
29 verbose stack [-ws|--workspaces] [--include-workspace-root] [--install-links]
29 verbose stack
29 verbose stack aliases: clean-install, ic, install-clean, isntall-clean
29 verbose stack
29 verbose stack Run "npm help ci" for more info
29 verbose stack     at CI.usageError (/usr/lib/node_modules/npm/lib/base-cmd.js:109:26)
29 verbose stack     at CI.exec (/usr/lib/node_modules/npm/lib/commands/ci.js:70:18)
29 verbose stack     at async Npm.exec (/usr/lib/node_modules/npm/lib/npm.js:207:9)
29 verbose stack     at async module.exports (/usr/lib/node_modules/npm/lib/cli/entry.js:74:5)
30 error code EUSAGE
31 error
31 error `npm ci` can only install packages when your package.json and package-lock.json or npm-shrinkwrap.json are in sync. Please update your lock file with `npm install` before continuing.
31 error
31 error Missing: react@19.2.3 from lock file
31 error Invalid: lock file's typescript@4.9.5 does not satisfy typescript@5.9.3
31 error Missing: typescript@4.9.5 from lock file
31 error
31 error Clean install a project
31 error
31 error Usage:
31 error npm ci
31 error
31 error Options:
31 error [--install-strategy <hoisted|nested|shallow|linked>] [--legacy-bundling]
31 error [--global-style] [--omit <dev|optional|peer> [--omit <dev|optional|peer> ...]]
31 error [--include <prod|dev|optional|peer> [--include <prod|dev|optional|peer> ...]]
31 error [--strict-peer-deps] [--foreground-scripts] [--ignore-scripts] [--no-audit]
31 error [--no-bin-links] [--no-fund] [--dry-run]
31 error [-w|--workspace <workspace-name> [-w|--workspace <workspace-name> ...]]
31 error [-ws|--workspaces] [--include-workspace-root] [--install-links]
31 error
31 error aliases: clean-install, ic, install-clean, isntall-clean
31 error
31 error Run "npm help ci" for more info
32 verbose cwd /home/tkg_h30_2018
33 verbose os Linux 6.1.0-41-cloud-amd64
34 verbose node v20.19.6
35 verbose npm  v10.8.2
36 verbose exit 1
37 verbose code 1
38 error A complete log of this run can be found in: /home/tkg_h30_2018/.npm/_logs/2025-12-14T21_15_22_771Z-debug-0.log
