0 verbose cli /usr/bin/node /usr/bin/npm
1 info using npm@10.8.2
2 info using node@v20.19.6
3 silly config load:file:/usr/lib/node_modules/npm/npmrc
4 silly config load:file:/home/tkg_h30_2018/.npmrc
5 silly config load:file:/usr/etc/npmrc
6 verbose title npm rebuild bufferutil utf-8-validate
7 verbose argv "rebuild" "bufferutil" "utf-8-validate"
8 verbose logfile logs-max:10 dir:/home/tkg_h30_2018/.npm/_logs/2025-12-14T21_19_23_586Z-
9 verbose logfile /home/tkg_h30_2018/.npm/_logs/2025-12-14T21_19_23_586Z-debug-0.log
10 silly packumentCache heap:4345298944 maxSize:1086324736 maxEntrySize:543162368
11 silly logfile start cleaning logs, removing 1 files
12 silly logfile done cleaning log files
13 info run bufferutil@4.0.9 install node_modules/bufferutil node-gyp-build
14 info run utf-8-validate@5.0.10 install node_modules/utf-8-validate node-gyp-build
15 info run bufferutil@4.0.9 install { code: 0, signal: null }
16 info run utf-8-validate@5.0.10 install { code: 0, signal: null }
17 verbose cwd /home/tkg_h30_2018
18 verbose os Linux 6.1.0-41-cloud-amd64
19 verbose node v20.19.6
20 verbose npm  v10.8.2
21 verbose exit 0
22 info ok
