0 verbose cli /usr/bin/node /usr/bin/npm
1 info using npm@10.8.2
2 info using node@v20.19.6
3 silly config load:file:/usr/lib/node_modules/npm/npmrc
4 silly config load:file:/home/tkg_h30_2018/.npmrc
5 silly config load:file:/usr/etc/npmrc
6 verbose title npm install @metamask/sdk wagmi viem@2.x @tanstack/react-query vercel web3
7 verbose argv "install" "@metamask/sdk" "wagmi" "viem@2.x" "@tanstack/react-query" "vercel" "web3"
8 verbose logfile logs-max:10 dir:/home/tkg_h30_2018/.npm/_logs/2025-12-14T20_15_38_467Z-
9 verbose logfile /home/tkg_h30_2018/.npm/_logs/2025-12-14T20_15_38_467Z-debug-0.log
10 silly packumentCache heap:4345298944 maxSize:1086324736 maxEntrySize:543162368
11 silly logfile start cleaning logs, removing 1 files
12 silly logfile done cleaning log files
13 silly idealTree buildDeps
14 silly fetch manifest @metamask/sdk@^0.33.1
15 silly packumentCache full:https://registry.npmjs.org/@metamask%2fsdk cache-miss
16 http fetch GET 200 https://registry.npmjs.org/@metamask%2fsdk 121ms (cache hit)
17 silly packumentCache full:https://registry.npmjs.org/@metamask%2fsdk set size:501041 disposed:false
18 silly fetch manifest @tanstack/react-query@^5.90.12
19 silly packumentCache full:https://registry.npmjs.org/@tanstack%2freact-query cache-miss
20 http fetch GET 200 https://registry.npmjs.org/@tanstack%2freact-query 7ms (cache hit)
21 silly packumentCache full:https://registry.npmjs.org/@tanstack%2freact-query set size:1424753 disposed:false
22 silly fetch manifest react@^18 || ^19
23 silly packumentCache full:https://registry.npmjs.org/react cache-miss
24 http fetch GET 200 https://registry.npmjs.org/react 17ms (cache hit)
25 silly packumentCache full:https://registry.npmjs.org/react set size:6346811 disposed:false
26 silly fetch manifest vercel@^50.0.1
27 silly packumentCache full:https://registry.npmjs.org/vercel cache-miss
28 http fetch GET 200 https://registry.npmjs.org/vercel 30ms (cache hit)
29 silly packumentCache full:https://registry.npmjs.org/vercel set size:6500611 disposed:false
30 silly fetch manifest viem@2.x
31 silly packumentCache full:https://registry.npmjs.org/viem cache-miss
32 http fetch GET 200 https://registry.npmjs.org/viem 26ms (cache hit)
33 silly packumentCache full:https://registry.npmjs.org/viem set size:10527613 disposed:false
34 silly fetch manifest typescript@>=5.0.4
35 silly packumentCache full:https://registry.npmjs.org/typescript cache-miss
36 http fetch GET 200 https://registry.npmjs.org/typescript 41ms (cache hit)
37 silly packumentCache full:https://registry.npmjs.org/typescript set size:15009309 disposed:false
38 silly fetch manifest wagmi@^3.1.0
39 silly packumentCache full:https://registry.npmjs.org/wagmi cache-miss
40 http fetch GET 200 https://registry.npmjs.org/wagmi 26ms (cache hit)
41 silly packumentCache full:https://registry.npmjs.org/wagmi set size:3215330 disposed:false
42 silly fetch manifest typescript@>=5.7.3
43 silly packumentCache full:https://registry.npmjs.org/typescript cache-miss
44 http fetch GET 200 https://registry.npmjs.org/typescript 32ms (cache hit)
45 silly packumentCache full:https://registry.npmjs.org/typescript set size:15009309 disposed:false
46 silly fetch manifest web3@^4.16.0
47 silly packumentCache full:https://registry.npmjs.org/web3 cache-miss
48 http fetch GET 200 https://registry.npmjs.org/web3 12ms (cache hit)
49 silly packumentCache full:https://registry.npmjs.org/web3 set size:2659606 disposed:false
50 silly placeDep ROOT @metamask/sdk@0.33.1 REPLACE for: godmode-ultra@1.0.0 want: ^0.33.1
51 silly placeDep ROOT @tanstack/react-query@5.90.12 REPLACE for: godmode-ultra@1.0.0 want: ^5.90.12
52 silly placeDep ROOT vercel@50.0.1 REPLACE for: godmode-ultra@1.0.0 want: ^50.0.1
53 silly placeDep ROOT viem@2.42.0 REPLACE for: godmode-ultra@1.0.0 want: 2.x
54 silly placeDep ROOT wagmi@3.1.0 REPLACE for: godmode-ultra@1.0.0 want: ^3.1.0
55 silly placeDep ROOT web3@4.16.0 REPLACE for: godmode-ultra@1.0.0 want: ^4.16.0
56 silly reify moves {}
57 silly audit bulk request {
57 silly audit   '@adraffy/ens-normalize': [ '1.11.1' ],
57 silly audit   '@babel/runtime': [ '7.28.4' ],
57 silly audit   '@cspotcode/source-map-support': [ '0.8.1' ],
57 silly audit   '@ecies/ciphers': [ '0.2.5' ],
57 silly audit   '@edge-runtime/format': [ '2.2.1' ],
57 silly audit   '@edge-runtime/node-utils': [ '2.3.0' ],
57 silly audit   '@edge-runtime/ponyfill': [ '2.4.2' ],
57 silly audit   '@edge-runtime/primitives': [ '4.1.0' ],
57 silly audit   '@edge-runtime/vm': [ '3.2.0' ],
57 silly audit   '@emnapi/core': [ '1.7.1' ],
57 silly audit   '@emnapi/runtime': [ '1.7.1' ],
57 silly audit   '@emnapi/wasi-threads': [ '1.1.0' ],
57 silly audit   '@esbuild/aix-ppc64': [ '0.27.0', '0.23.1' ],
57 silly audit   '@esbuild/android-arm': [ '0.27.0', '0.23.1' ],
57 silly audit   '@esbuild/android-arm64': [ '0.27.0', '0.23.1' ],
57 silly audit   '@esbuild/android-x64': [ '0.27.0', '0.23.1' ],
57 silly audit   '@esbuild/darwin-arm64': [ '0.27.0', '0.23.1' ],
57 silly audit   '@esbuild/darwin-x64': [ '0.27.0', '0.23.1' ],
57 silly audit   '@esbuild/freebsd-arm64': [ '0.27.0', '0.23.1' ],
57 silly audit   '@esbuild/freebsd-x64': [ '0.27.0', '0.23.1' ],
57 silly audit   '@esbuild/linux-arm': [ '0.27.0', '0.23.1' ],
57 silly audit   '@esbuild/linux-arm64': [ '0.27.0', '0.23.1' ],
57 silly audit   '@esbuild/linux-ia32': [ '0.27.0', '0.23.1' ],
57 silly audit   '@esbuild/linux-loong64': [ '0.27.0', '0.23.1' ],
57 silly audit   '@esbuild/linux-mips64el': [ '0.27.0', '0.23.1' ],
57 silly audit   '@esbuild/linux-ppc64': [ '0.27.0', '0.23.1' ],
57 silly audit   '@esbuild/linux-riscv64': [ '0.27.0', '0.23.1' ],
57 silly audit   '@esbuild/linux-s390x': [ '0.27.0', '0.23.1' ],
57 silly audit   '@esbuild/linux-x64': [ '0.27.0', '0.23.1' ],
57 silly audit   '@esbuild/netbsd-arm64': [ '0.27.0' ],
57 silly audit   '@esbuild/netbsd-x64': [ '0.27.0', '0.23.1' ],
57 silly audit   '@esbuild/openbsd-arm64': [ '0.27.0', '0.23.1' ],
57 silly audit   '@esbuild/openbsd-x64': [ '0.27.0', '0.23.1' ],
57 silly audit   '@esbuild/openharmony-arm64': [ '0.27.0' ],
57 silly audit   '@esbuild/sunos-x64': [ '0.27.0', '0.23.1' ],
57 silly audit   '@esbuild/win32-arm64': [ '0.27.0', '0.23.1' ],
57 silly audit   '@esbuild/win32-ia32': [ '0.27.0', '0.23.1' ],
57 silly audit   '@esbuild/win32-x64': [ '0.27.0', '0.23.1' ],
57 silly audit   '@ethereumjs/common': [ '3.2.0' ],
57 silly audit   '@ethereumjs/rlp': [ '4.0.1', '5.0.2' ],
57 silly audit   '@ethereumjs/tx': [ '4.2.0' ],
57 silly audit   '@ethereumjs/util': [ '8.1.0' ],
57 silly audit   '@fastify/busboy': [ '2.1.1' ],
57 silly audit   '@iarna/toml': [ '2.2.5' ],
57 silly audit   '@isaacs/balanced-match': [ '4.0.1' ],
57 silly audit   '@isaacs/brace-expansion': [ '5.0.0' ],
57 silly audit   '@isaacs/fs-minipass': [ '4.0.1' ],
57 silly audit   '@jridgewell/resolve-uri': [ '3.1.2' ],
57 silly audit   '@jridgewell/sourcemap-codec': [ '1.5.5' ],
57 silly audit   '@jridgewell/trace-mapping': [ '0.3.9' ],
57 silly audit   '@mapbox/node-pre-gyp': [ '2.0.3' ],
57 silly audit   chownr: [ '3.0.0', '2.0.0' ],
57 silly audit   minizlib: [ '3.1.0', '2.1.2' ],
57 silly audit   tar: [ '7.5.2', '6.2.1' ],
57 silly audit   yallist: [ '5.0.0', '4.0.0' ],
57 silly audit   '@metamask/json-rpc-engine': [ '8.0.2' ],
57 silly audit   '@metamask/json-rpc-middleware-stream': [ '7.0.2' ],
57 silly audit   '@metamask/object-multiplex': [ '2.1.0' ],
57 silly audit   '@metamask/onboarding': [ '1.0.1' ],
57 silly audit   '@metamask/providers': [ '16.1.0' ],
57 silly audit   '@metamask/rpc-errors': [ '6.4.0' ],
57 silly audit   '@metamask/utils': [ '9.3.0', '8.5.0' ],
57 silly audit   uuid: [ '9.0.1', '8.3.2' ],
57 silly audit   '@metamask/safe-event-emitter': [ '3.1.2' ],
57 silly audit   '@metamask/sdk-analytics': [ '0.0.5' ],
57 silly audit   '@metamask/sdk-communication-layer': [ '0.33.1' ],
57 silly audit   '@metamask/sdk-install-modal-web': [ '0.32.1' ],
57 silly audit   '@metamask/superstruct': [ '3.2.1' ],
57 silly audit   '@napi-rs/wasm-runtime': [ '1.1.0' ],
57 silly audit   '@noble/ciphers': [ '1.3.0' ],
57 silly audit   '@noble/curves': [ '1.9.7', '1.4.2', '1.9.1' ],
57 silly audit   '@noble/hashes': [ '1.8.0', '1.4.0' ],
57 silly audit   '@nodelib/fs.scandir': [ '2.1.5' ],
57 silly audit   '@nodelib/fs.stat': [ '2.0.5' ],
57 silly audit   '@nodelib/fs.walk': [ '1.2.8' ],
57 silly audit   '@oxc-project/runtime': [ '0.82.3' ],
57 silly audit   '@oxc-project/types': [ '0.82.3', '0.99.0' ],
57 silly audit   '@paulmillr/qr': [ '0.2.1' ],
57 silly audit   '@rolldown/binding-android-arm64': [ '1.0.0-beta.35', '1.0.0-beta.52' ],
57 silly audit   '@rolldown/binding-darwin-arm64': [ '1.0.0-beta.35', '1.0.0-beta.52' ],
57 silly audit   '@rolldown/binding-darwin-x64': [ '1.0.0-beta.35', '1.0.0-beta.52' ],
57 silly audit   '@rolldown/binding-freebsd-x64': [ '1.0.0-beta.35', '1.0.0-beta.52' ],
57 silly audit   '@rolldown/binding-linux-arm-gnueabihf': [ '1.0.0-beta.35', '1.0.0-beta.52' ],
57 silly audit   '@rolldown/binding-linux-arm64-gnu': [ '1.0.0-beta.35', '1.0.0-beta.52' ],
57 silly audit   '@rolldown/binding-linux-arm64-musl': [ '1.0.0-beta.35', '1.0.0-beta.52' ],
57 silly audit   '@rolldown/binding-linux-x64-gnu': [ '1.0.0-beta.35', '1.0.0-beta.52' ],
57 silly audit   '@rolldown/binding-linux-x64-musl': [ '1.0.0-beta.35', '1.0.0-beta.52' ],
57 silly audit   '@rolldown/binding-openharmony-arm64': [ '1.0.0-beta.35', '1.0.0-beta.52' ],
57 silly audit   '@rolldown/binding-wasm32-wasi': [ '1.0.0-beta.35', '1.0.0-beta.52' ],
57 silly audit   '@rolldown/binding-win32-arm64-msvc': [ '1.0.0-beta.35', '1.0.0-beta.52' ],
57 silly audit   '@rolldown/binding-win32-ia32-msvc': [ '1.0.0-beta.35', '1.0.0-beta.52' ],
57 silly audit   '@rolldown/binding-win32-x64-msvc': [ '1.0.0-beta.35', '1.0.0-beta.52' ],
57 silly audit   '@rolldown/pluginutils': [ '1.0.0-beta.35', '1.0.0-beta.52' ],
57 silly audit   '@rollup/pluginutils': [ '5.3.0' ],
57 silly audit   '@scure/base': [ '1.2.6', '1.1.9' ],
57 silly audit   '@scure/bip32': [ '1.4.0', '1.7.0' ],
57 silly audit   '@scure/bip39': [ '1.3.0', '1.6.0' ],
57 silly audit   '@sinclair/typebox': [ '0.25.24' ],
57 silly audit   '@socket.io/component-emitter': [ '3.1.2' ],
57 silly audit   '@tanstack/query-core': [ '5.90.12' ],
57 silly audit   '@tootallnate/once': [ '2.0.0' ],
57 silly audit   '@ts-morph/common': [ '0.11.1' ],
57 silly audit   minimatch: [ '3.1.2', '10.1.1' ],
57 silly audit   '@tsconfig/node10': [ '1.0.12' ],
57 silly audit   '@tsconfig/node12': [ '1.0.11' ],
57 silly audit   '@tsconfig/node14': [ '1.0.3' ],
57 silly audit   '@tsconfig/node16': [ '1.0.4' ],
57 silly audit   '@tybys/wasm-util': [ '0.10.1' ],
57 silly audit   '@types/debug': [ '4.1.12' ],
57 silly audit   '@types/estree': [ '1.0.8' ],
57 silly audit   '@types/json-schema': [ '7.0.15' ],
57 silly audit   '@types/ms': [ '2.1.0' ],
57 silly audit   '@types/node': [ '16.18.11' ],
57 silly audit   '@types/ws': [ '8.5.3' ],
57 silly audit   '@vercel/backends': [ '0.0.17' ],
57 silly audit   '@vercel/blob': [ '1.0.2' ],
57 silly audit   '@vercel/build-utils': [ '13.2.3' ],
57 silly audit   '@vercel/cervel': [ '0.0.7' ],
57 silly audit   rolldown: [ '1.0.0-beta.52', '1.0.0-beta.35' ],
57 silly audit   '@vercel/detect-agent': [ '1.0.0' ],
57 silly audit   '@vercel/elysia': [ '0.1.14' ],
57 silly audit   '@vercel/error-utils': [ '2.0.3' ],
57 silly audit   '@vercel/express': [ '0.1.20' ],
57 silly audit   'path-to-regexp': [ '8.3.0', '6.1.0', '1.9.0', '0.1.12', '6.3.0' ],
57 silly audit   '@vercel/fastify': [ '0.1.17' ],
57 silly audit   '@vercel/fun': [ '1.2.0' ],
57 silly audit   'lru-cache': [ '6.0.0', '11.2.4' ],
57 silly audit   ms: [ '2.1.1', '2.0.0', '2.1.2', '2.1.3' ],
57 silly audit   'node-fetch': [ '2.6.7', '2.6.9', '2.7.0' ],
57 silly audit   semver: [ '7.5.4', '6.3.1', '7.7.3' ],
57 silly audit   '@vercel/gatsby-plugin-vercel-analytics': [ '1.0.11' ],
57 silly audit   '@vercel/gatsby-plugin-vercel-builder': [ '2.0.113' ],
57 silly audit   esbuild: [ '0.14.47', '0.27.0', '0.23.1' ],
57 silly audit   '@vercel/go': [ '3.2.4' ],
57 silly audit   '@vercel/h3': [ '0.1.23' ],
57 silly audit   '@vercel/hono': [ '0.2.17' ],
57 silly audit   '@vercel/hydrogen': [ '1.3.3' ],
57 silly audit   '@vercel/introspection': [ '0.0.7' ],
57 silly audit   '@vercel/nestjs': [ '0.2.18' ],
57 silly audit   '@vercel/next': [ '4.15.8' ],
57 silly audit   '@vercel/nft': [ '1.1.1' ],
57 silly audit   '@vercel/node': [ '5.5.15' ],
57 silly audit   'async-listen': [ '3.0.0', '1.2.0', '3.0.1' ],
57 silly audit   typescript: [ '4.9.5', '5.9.3' ],
57 silly audit   undici: [ '5.28.4', '5.29.0' ],
57 silly audit   '@vercel/python': [ '6.1.3' ],
57 silly audit   '@vercel/redwood': [ '2.4.6' ],
57 silly audit   '@vercel/remix-builder': [ '5.5.6' ],
57 silly audit   '@vercel/ruby': [ '2.2.3' ],
57 silly audit   '@vercel/rust': [ '1.0.4' ],
57 silly audit   execa: [ '5.1.1', '3.2.0' ],
57 silly audit   'get-stream': [ '6.0.1', '5.2.0' ],
57 silly audit   'human-signals': [ '2.1.0', '1.1.1' ],
57 silly audit   'signal-exit': [ '3.0.7', '4.0.2' ],
57 silly audit   '@vercel/static-build': [ '2.8.14' ],
57 silly audit   '@vercel/static-config': [ '3.1.2' ],
57 silly audit   '@wagmi/connectors': [ '7.0.2' ],
57 silly audit   '@wagmi/core': [ '3.0.0' ],
57 silly audit   abbrev: [ '3.0.1' ],
57 silly audit   abitype: [ '1.1.0', '0.7.1' ],
57 silly audit   accepts: [ '1.3.8' ],
57 silly audit   acorn: [ '8.15.0' ],
57 silly audit   'acorn-import-attributes': [ '1.9.5' ],
57 silly audit   'acorn-walk': [ '8.3.4' ],
57 silly audit   'agent-base': [ '7.1.4' ],
57 silly audit   ajv: [ '8.6.3' ],
57 silly audit   ansis: [ '4.2.0' ],
57 silly audit   'any-promise': [ '1.3.0' ],
57 silly audit   arg: [ '4.1.0' ],
57 silly audit   'array-flatten': [ '1.1.1' ],
57 silly audit   'async-retry': [ '1.3.3' ],
57 silly audit   'async-sema': [ '3.1.1' ],
57 silly audit   'available-typed-arrays': [ '1.0.7' ],
57 silly audit   'balanced-match': [ '1.0.2' ],
57 silly audit   bindings: [ '1.5.0' ],
57 silly audit   'body-parser': [ '1.20.4' ],
57 silly audit   debug: [ '2.6.9', '4.3.4' ],
57 silly audit   bowser: [ '2.13.1' ],
57 silly audit   'brace-expansion': [ '1.1.12' ],
57 silly audit   braces: [ '3.0.3' ],
57 silly audit   'buffer-crc32': [ '0.2.13' ],
57 silly audit   bufferutil: [ '4.0.9' ],
57 silly audit   bytes: [ '3.1.2', '3.1.0' ],
57 silly audit   'call-bind': [ '1.0.8' ],
57 silly audit   'call-bind-apply-helpers': [ '1.0.2' ],
57 silly audit   'call-bound': [ '1.0.4' ],
57 silly audit   chokidar: [ '4.0.0' ],
57 silly audit   'cjs-module-lexer': [ '1.2.3' ],
57 silly audit   'code-block-writer': [ '10.1.1' ],
57 silly audit   'concat-map': [ '0.0.1' ],
57 silly audit   consola: [ '3.4.2' ],
57 silly audit   'content-disposition': [ '0.5.4' ],
57 silly audit   'content-type': [ '1.0.5', '1.0.4' ],
57 silly audit   'convert-hrtime': [ '3.0.0' ],
57 silly audit   cookie: [ '0.7.2' ],
57 silly audit   'cookie-es': [ '2.0.0' ],
57 silly audit   'cookie-signature': [ '1.0.7' ],
57 silly audit   'core-util-is': [ '1.0.3' ],
57 silly audit   'crc-32': [ '1.2.2' ],
57 silly audit   'create-require': [ '1.1.1' ],
57 silly audit   'cross-fetch': [ '4.1.0' ],
57 silly audit   'cross-spawn': [ '7.0.6' ],
57 silly audit   'date-fns': [ '2.30.0' ],
57 silly audit   'define-data-property': [ '1.1.4' ],
57 silly audit   depd: [ '2.0.0', '1.1.2' ],
57 silly audit   destroy: [ '1.2.0' ],
57 silly audit   'detect-browser': [ '5.3.0' ],
57 silly audit   'detect-libc': [ '2.1.2' ],
57 silly audit   diff: [ '4.0.2' ],
57 silly audit   'dunder-proto': [ '1.0.1' ],
57 silly audit   eciesjs: [ '0.4.16' ],
57 silly audit   'edge-runtime': [ '2.5.9' ],
57 silly audit   'ee-first': [ '1.1.1' ],
57 silly audit   encodeurl: [ '2.0.0', '1.0.2' ],
57 silly audit   'end-of-stream': [ '1.4.5', '1.1.0' ],
57 silly audit   'engine.io-client': [ '6.6.3' ],
57 silly audit   'engine.io-parser': [ '5.2.3' ],
57 silly audit   'es-define-property': [ '1.0.1' ],
57 silly audit   'es-errors': [ '1.3.0' ],
57 silly audit   'es-module-lexer': [ '1.4.1' ],
57 silly audit   'es-object-atoms': [ '1.1.1' ],
57 silly audit   'esbuild-android-64': [ '0.14.47' ],
57 silly audit   'esbuild-android-arm64': [ '0.14.47' ],
57 silly audit   'esbuild-darwin-64': [ '0.14.47' ],
57 silly audit   'esbuild-darwin-arm64': [ '0.14.47' ],
57 silly audit   'esbuild-freebsd-64': [ '0.14.47' ],
57 silly audit   'esbuild-freebsd-arm64': [ '0.14.47' ],
57 silly audit   'esbuild-linux-32': [ '0.14.47' ],
57 silly audit   'esbuild-linux-64': [ '0.14.47' ],
57 silly audit   'esbuild-linux-arm': [ '0.14.47' ],
57 silly audit   'esbuild-linux-arm64': [ '0.14.47' ],
57 silly audit   'esbuild-linux-mips64le': [ '0.14.47' ],
57 silly audit   'esbuild-linux-ppc64le': [ '0.14.47' ],
57 silly audit   'esbuild-linux-riscv64': [ '0.14.47' ],
57 silly audit   'esbuild-linux-s390x': [ '0.14.47' ],
57 silly audit   'esbuild-netbsd-64': [ '0.14.47' ],
57 silly audit   'esbuild-openbsd-64': [ '0.14.47' ],
57 silly audit   'esbuild-sunos-64': [ '0.14.47' ],
57 silly audit   'esbuild-windows-32': [ '0.14.47' ],
57 silly audit   'esbuild-windows-64': [ '0.14.47' ],
57 silly audit   'esbuild-windows-arm64': [ '0.14.47' ],
57 silly audit   'escape-html': [ '1.0.3' ],
57 silly audit   'estree-walker': [ '2.0.2' ],
57 silly audit   etag: [ '1.8.1' ],
57 silly audit   'eth-rpc-errors': [ '4.0.3' ],
57 silly audit   'ethereum-cryptography': [ '2.2.1' ],
57 silly audit   eventemitter2: [ '6.4.9' ],
57 silly audit   eventemitter3: [ '5.0.1' ],
57 silly audit   'events-intercept': [ '2.0.0' ],
57 silly audit   express: [ '4.22.1' ],
57 silly audit   'extension-port-stream': [ '3.0.0' ],
57 silly audit   'fast-deep-equal': [ '3.1.3' ],
57 silly audit   'fast-glob': [ '3.3.3' ],
57 silly audit   'fast-safe-stringify': [ '2.1.1' ],
57 silly audit   fastq: [ '1.19.1' ],
57 silly audit   'fd-slicer': [ '1.1.0' ],
57 silly audit   'file-uri-to-path': [ '1.0.0' ],
57 silly audit   'fill-range': [ '7.1.1' ],
57 silly audit   finalhandler: [ '1.3.2' ],
57 silly audit   'for-each': [ '0.3.5' ],
57 silly audit   forwarded: [ '0.2.0' ],
57 silly audit   fresh: [ '0.5.2' ],
57 silly audit   'fs-extra': [ '11.1.0' ],
57 silly audit   'fs-minipass': [ '2.1.0' ],
57 silly audit   minipass: [ '3.3.6', '7.1.2', '5.0.0' ],
57 silly audit   fsevents: [ '2.3.3' ],
57 silly audit   'function-bind': [ '1.1.2' ],
57 silly audit   'generator-function': [ '2.0.1' ],
57 silly audit   'generic-pool': [ '3.4.2' ],
57 silly audit   'get-intrinsic': [ '1.3.0' ],
57 silly audit   'get-proto': [ '1.0.1' ],
57 silly audit   'get-tsconfig': [ '4.13.0' ],
57 silly audit   glob: [ '13.0.0' ],
57 silly audit   'glob-parent': [ '5.1.2' ],
57 silly audit   gopd: [ '1.2.0' ],
57 silly audit   'graceful-fs': [ '4.2.11' ],
57 silly audit   'has-property-descriptors': [ '1.0.2' ],
57 silly audit   'has-symbols': [ '1.1.0' ],
57 silly audit   'has-tostringtag': [ '1.0.2' ],
57 silly audit   hasown: [ '2.0.2' ],
57 silly audit   'http-errors': [ '2.0.1', '1.7.3', '1.4.0', '2.0.0' ],
57 silly audit   'https-proxy-agent': [ '7.0.6' ],
57 silly audit   'iconv-lite': [ '0.4.24' ],
57 silly audit   inherits: [ '2.0.4', '2.0.1' ],
57 silly audit   'ipaddr.js': [ '1.9.1' ],
57 silly audit   'is-arguments': [ '1.2.0' ],
57 silly audit   'is-buffer': [ '2.0.5' ],
57 silly audit   'is-callable': [ '1.2.7' ],
57 silly audit   'is-extglob': [ '2.1.1' ],
57 silly audit   'is-generator-function': [ '1.1.2' ],
57 silly audit   'is-glob': [ '4.0.3' ],
57 silly audit   'is-node-process': [ '1.2.0' ],
57 silly audit   'is-number': [ '7.0.0' ],
57 silly audit   'is-regex': [ '1.2.1' ],
57 silly audit   'is-stream': [ '2.0.1' ],
57 silly audit   'is-typed-array': [ '1.1.15' ],
57 silly audit   isarray: [ '1.0.0', '0.0.1' ],
57 silly audit   isexe: [ '2.0.0' ],
57 silly audit   'isomorphic-ws': [ '5.0.0' ],
57 silly audit   isows: [ '1.0.7' ],
57 silly audit   jose: [ '5.9.6' ],
57 silly audit   'json-schema-to-ts': [ '1.6.4' ],
57 silly audit   'json-schema-traverse': [ '1.0.0' ],
57 silly audit   jsonfile: [ '6.2.0' ],
57 silly audit   'make-error': [ '1.3.6' ],
57 silly audit   'math-intrinsics': [ '1.1.0' ],
57 silly audit   'media-typer': [ '0.3.0' ],
57 silly audit   'merge-descriptors': [ '1.0.3' ],
57 silly audit   'merge-stream': [ '2.0.0' ],
57 silly audit   merge2: [ '1.4.1' ],
57 silly audit   methods: [ '1.1.2' ],
57 silly audit   micro: [ '9.3.5-canary.3' ],
57 silly audit   'micro-ftch': [ '0.3.1' ],
57 silly audit   'raw-body': [ '2.4.1', '2.5.3' ],
57 silly audit   setprototypeof: [ '1.1.1', '1.2.0' ],
57 silly audit   statuses: [ '1.5.0', '2.0.1', '2.0.2' ],
57 silly audit   toidentifier: [ '1.0.0', '1.0.1' ],
57 silly audit   micromatch: [ '4.0.8' ],
57 silly audit   picomatch: [ '2.3.1', '4.0.3' ],
57 silly audit   mime: [ '1.6.0' ],
57 silly audit   'mime-db': [ '1.52.0' ],
57 silly audit   'mime-types': [ '2.1.35' ],
57 silly audit   'mimic-fn': [ '2.1.0' ],
57 silly audit   mipd: [ '0.0.7' ],
57 silly audit   mkdirp: [ '1.0.4' ],
57 silly audit   mri: [ '1.2.0' ],
57 silly audit   negotiator: [ '0.6.3' ],
57 silly audit   'node-gyp-build': [ '4.8.4' ],
57 silly audit   nopt: [ '8.1.0' ],
57 silly audit   'npm-run-path': [ '4.0.1' ],
57 silly audit   'obj-multiplex': [ '1.0.0' ],
57 silly audit   'readable-stream': [ '2.3.8', '3.6.2' ],
57 silly audit   'safe-buffer': [ '5.1.2', '5.2.1' ],
57 silly audit   string_decoder: [ '1.1.1', '1.3.0' ],
57 silly audit   'object-inspect': [ '1.13.4' ],
57 silly audit   'on-finished': [ '2.4.1' ],
57 silly audit   once: [ '1.4.0', '1.3.3' ],
57 silly audit   onetime: [ '5.1.2' ],
57 silly audit   'openapi-fetch': [ '0.13.8' ],
57 silly audit   'openapi-typescript-helpers': [ '0.0.15' ],
57 silly audit   'os-paths': [ '4.4.0' ],
57 silly audit   ox: [ '0.9.6' ],
57 silly audit   'p-finally': [ '2.0.1' ],
57 silly audit   'parse-ms': [ '2.1.0' ],
57 silly audit   parseurl: [ '1.3.3' ],
57 silly audit   'path-browserify': [ '1.0.1' ],
57 silly audit   'path-key': [ '3.1.1' ],
57 silly audit   'path-match': [ '1.2.4' ],
57 silly audit   'path-scurry': [ '2.0.1' ],
57 silly audit   pend: [ '1.2.0' ],
57 silly audit   picocolors: [ '1.0.0' ],
57 silly audit   'pony-cause': [ '2.1.11' ],
57 silly audit   'possible-typed-array-names': [ '1.1.0' ],
57 silly audit   'pretty-ms': [ '7.0.1' ],
57 silly audit   'process-nextick-args': [ '2.0.1' ],
57 silly audit   promisepipe: [ '3.0.0' ],
57 silly audit   'proxy-addr': [ '2.0.7' ],
57 silly audit   pump: [ '3.0.3' ],
57 silly audit   punycode: [ '2.3.1' ],
57 silly audit   qs: [ '6.14.0' ],
57 silly audit   'queue-microtask': [ '1.2.3' ],
57 silly audit   'range-parser': [ '1.2.1' ],
57 silly audit   react: [ '19.2.3' ],
57 silly audit   readdirp: [ '4.1.2' ],
57 silly audit   'require-from-string': [ '2.0.2' ],
57 silly audit   'resolve-from': [ '5.0.0' ],
57 silly audit   'resolve-pkg-maps': [ '1.0.0' ],
57 silly audit   retry: [ '0.13.1' ],
57 silly audit   reusify: [ '1.1.0' ],
57 silly audit   'run-parallel': [ '1.2.0' ],
57 silly audit   'safe-regex-test': [ '1.1.0' ],
57 silly audit   'safer-buffer': [ '2.1.2' ],
57 silly audit   send: [ '0.19.1', '0.19.0' ],
57 silly audit   'serve-static': [ '1.16.2' ],
57 silly audit   'set-function-length': [ '1.2.2' ],
57 silly audit   setimmediate: [ '1.0.5' ],
57 silly audit   'shebang-command': [ '2.0.0' ],
57 silly audit   'shebang-regex': [ '3.0.0' ],
57 silly audit   'side-channel': [ '1.1.0' ],
57 silly audit   'side-channel-list': [ '1.0.0' ],
57 silly audit   'side-channel-map': [ '1.0.1' ],
57 silly audit   'side-channel-weakmap': [ '1.0.2' ],
57 silly audit   'socket.io-client': [ '4.8.1' ],
57 silly audit   'socket.io-parser': [ '4.2.4' ],
57 silly audit   srvx: [ '0.8.9' ],
57 silly audit   'stat-mode': [ '0.3.0' ],
57 silly audit   'stream-to-array': [ '2.3.0' ],
57 silly audit   'stream-to-promise': [ '2.2.0' ],
57 silly audit   'strip-final-newline': [ '2.0.0' ],
57 silly audit   throttleit: [ '2.1.0' ],
57 silly audit   'time-span': [ '4.0.0' ],
57 silly audit   tinyexec: [ '0.3.2' ],
57 silly audit   'to-regex-range': [ '5.0.1' ],
57 silly audit   tr46: [ '0.0.3' ],
57 silly audit   'tree-kill': [ '1.2.2' ],
57 silly audit   'ts-morph': [ '12.0.0' ],
57 silly audit   'ts-node': [ '10.9.1' ],
57 silly audit   'ts-toolbelt': [ '6.15.5' ],
57 silly audit   tslib: [ '2.8.1' ],
57 silly audit   tsx: [ '4.19.2' ],
57 silly audit   'type-is': [ '1.6.18' ],
57 silly audit   'uid-promise': [ '1.0.0' ],
57 silly audit   universalify: [ '2.0.1' ],
57 silly audit   unpipe: [ '1.0.0' ],
57 silly audit   'uri-js': [ '4.4.1' ],
57 silly audit   'use-sync-external-store': [ '1.4.0' ],
57 silly audit   'utf-8-validate': [ '5.0.10' ],
57 silly audit   util: [ '0.12.5' ],
57 silly audit   'util-deprecate': [ '1.0.2' ],
57 silly audit   'utils-merge': [ '1.0.1' ],
57 silly audit   'v8-compile-cache-lib': [ '3.0.1' ],
57 silly audit   vary: [ '1.1.2' ],
57 silly audit   ws: [ '8.17.1', '8.18.3' ],
57 silly audit   'web-vitals': [ '0.2.4' ],
57 silly audit   'web3-core': [ '4.7.1' ],
57 silly audit   'web3-errors': [ '1.3.1' ],
57 silly audit   'web3-eth': [ '4.11.1' ],
57 silly audit   'web3-eth-abi': [ '4.4.1' ],
57 silly audit   'web3-eth-accounts': [ '4.3.1' ],
57 silly audit   'web3-eth-contract': [ '4.7.2' ],
57 silly audit   'web3-eth-ens': [ '4.4.0' ],
57 silly audit   'web3-eth-iban': [ '4.0.7' ],
57 silly audit   'web3-eth-personal': [ '4.1.0' ],
57 silly audit   'web3-net': [ '4.1.0' ],
57 silly audit   'web3-providers-http': [ '4.2.0' ],
57 silly audit   'web3-providers-ipc': [ '4.0.7' ],
57 silly audit   'web3-providers-ws': [ '4.0.8' ],
57 silly audit   'web3-rpc-methods': [ '1.3.0' ],
57 silly audit   'web3-rpc-providers': [ '1.0.0-rc.4' ],
57 silly audit   'web3-types': [ '1.10.0' ],
57 silly audit   'web3-utils': [ '4.3.3' ],
57 silly audit   'web3-validator': [ '2.0.6' ],
57 silly audit   'webextension-polyfill': [ '0.10.0' ],
57 silly audit   'webidl-conversions': [ '3.0.1' ],
57 silly audit   'whatwg-url': [ '5.0.0' ],
57 silly audit   which: [ '2.0.2' ],
57 silly audit   'which-typed-array': [ '1.1.19' ],
57 silly audit   wrappy: [ '1.0.2' ],
57 silly audit   'xdg-app-paths': [ '5.1.0' ],
57 silly audit   'xdg-portable': [ '7.3.0' ],
57 silly audit   'xmlhttprequest-ssl': [ '2.1.2' ],
57 silly audit   yauzl: [ '2.10.0' ],
57 silly audit   'yauzl-clone': [ '1.0.4' ],
57 silly audit   'yauzl-promise': [ '2.1.3' ],
57 silly audit   yn: [ '3.1.1' ],
57 silly audit   zod: [ '3.22.4' ],
57 silly audit   zustand: [ '5.0.0' ],
57 silly audit   '@metamask/sdk': [ '0.33.1' ],
57 silly audit   '@tanstack/react-query': [ '5.90.12' ],
57 silly audit   vercel: [ '50.0.1' ],
57 silly audit   viem: [ '2.42.0' ],
57 silly audit   wagmi: [ '3.1.0' ],
57 silly audit   web3: [ '4.16.0' ]
57 silly audit }
58 verbose reify failed optional dependency /home/tkg_h30_2018/node_modules/fsevents
59 silly reify mark deleted [ '/home/tkg_h30_2018/node_modules/fsevents' ]
60 verbose reify failed optional dependency /home/tkg_h30_2018/node_modules/esbuild-windows-arm64
61 silly reify mark deleted [ '/home/tkg_h30_2018/node_modules/esbuild-windows-arm64' ]
62 verbose reify failed optional dependency /home/tkg_h30_2018/node_modules/esbuild-windows-64
63 silly reify mark deleted [ '/home/tkg_h30_2018/node_modules/esbuild-windows-64' ]
64 verbose reify failed optional dependency /home/tkg_h30_2018/node_modules/esbuild-windows-32
65 silly reify mark deleted [ '/home/tkg_h30_2018/node_modules/esbuild-windows-32' ]
66 verbose reify failed optional dependency /home/tkg_h30_2018/node_modules/esbuild-sunos-64
67 silly reify mark deleted [ '/home/tkg_h30_2018/node_modules/esbuild-sunos-64' ]
68 verbose reify failed optional dependency /home/tkg_h30_2018/node_modules/esbuild-openbsd-64
69 silly reify mark deleted [ '/home/tkg_h30_2018/node_modules/esbuild-openbsd-64' ]
70 verbose reify failed optional dependency /home/tkg_h30_2018/node_modules/esbuild-netbsd-64
71 silly reify mark deleted [ '/home/tkg_h30_2018/node_modules/esbuild-netbsd-64' ]
72 verbose reify failed optional dependency /home/tkg_h30_2018/node_modules/esbuild-linux-s390x
73 silly reify mark deleted [ '/home/tkg_h30_2018/node_modules/esbuild-linux-s390x' ]
74 verbose reify failed optional dependency /home/tkg_h30_2018/node_modules/esbuild-linux-riscv64
75 silly reify mark deleted [ '/home/tkg_h30_2018/node_modules/esbuild-linux-riscv64' ]
76 verbose reify failed optional dependency /home/tkg_h30_2018/node_modules/esbuild-linux-ppc64le
77 silly reify mark deleted [ '/home/tkg_h30_2018/node_modules/esbuild-linux-ppc64le' ]
78 verbose reify failed optional dependency /home/tkg_h30_2018/node_modules/esbuild-linux-mips64le
79 silly reify mark deleted [ '/home/tkg_h30_2018/node_modules/esbuild-linux-mips64le' ]
80 verbose reify failed optional dependency /home/tkg_h30_2018/node_modules/esbuild-linux-arm64
81 silly reify mark deleted [ '/home/tkg_h30_2018/node_modules/esbuild-linux-arm64' ]
82 verbose reify failed optional dependency /home/tkg_h30_2018/node_modules/esbuild-linux-arm
83 silly reify mark deleted [ '/home/tkg_h30_2018/node_modules/esbuild-linux-arm' ]
84 verbose reify failed optional dependency /home/tkg_h30_2018/node_modules/esbuild-linux-32
85 silly reify mark deleted [ '/home/tkg_h30_2018/node_modules/esbuild-linux-32' ]
86 verbose reify failed optional dependency /home/tkg_h30_2018/node_modules/esbuild-freebsd-arm64
87 silly reify mark deleted [ '/home/tkg_h30_2018/node_modules/esbuild-freebsd-arm64' ]
88 verbose reify failed optional dependency /home/tkg_h30_2018/node_modules/esbuild-freebsd-64
89 silly reify mark deleted [ '/home/tkg_h30_2018/node_modules/esbuild-freebsd-64' ]
90 verbose reify failed optional dependency /home/tkg_h30_2018/node_modules/esbuild-darwin-arm64
91 silly reify mark deleted [ '/home/tkg_h30_2018/node_modules/esbuild-darwin-arm64' ]
92 verbose reify failed optional dependency /home/tkg_h30_2018/node_modules/esbuild-darwin-64
93 silly reify mark deleted [ '/home/tkg_h30_2018/node_modules/esbuild-darwin-64' ]
94 verbose reify failed optional dependency /home/tkg_h30_2018/node_modules/esbuild-android-arm64
95 silly reify mark deleted [ '/home/tkg_h30_2018/node_modules/esbuild-android-arm64' ]
96 verbose reify failed optional dependency /home/tkg_h30_2018/node_modules/esbuild-android-64
97 silly reify mark deleted [ '/home/tkg_h30_2018/node_modules/esbuild-android-64' ]
98 verbose reify failed optional dependency /home/tkg_h30_2018/node_modules/@rolldown/binding-win32-x64-msvc
99 silly reify mark deleted [ '/home/tkg_h30_2018/node_modules/@rolldown/binding-win32-x64-msvc' ]
100 verbose reify failed optional dependency /home/tkg_h30_2018/node_modules/@rolldown/binding-win32-ia32-msvc
101 silly reify mark deleted [ '/home/tkg_h30_2018/node_modules/@rolldown/binding-win32-ia32-msvc' ]
102 verbose reify failed optional dependency /home/tkg_h30_2018/node_modules/@rolldown/binding-win32-arm64-msvc
103 silly reify mark deleted [
103 silly reify   '/home/tkg_h30_2018/node_modules/@rolldown/binding-win32-arm64-msvc'
103 silly reify ]
104 verbose reify failed optional dependency /home/tkg_h30_2018/node_modules/@rolldown/binding-wasm32-wasi
105 silly reify mark deleted [ '/home/tkg_h30_2018/node_modules/@rolldown/binding-wasm32-wasi' ]
106 verbose reify failed optional dependency /home/tkg_h30_2018/node_modules/@rolldown/binding-openharmony-arm64
107 silly reify mark deleted [
107 silly reify   '/home/tkg_h30_2018/node_modules/@rolldown/binding-openharmony-arm64'
107 silly reify ]
108 verbose reify failed optional dependency /home/tkg_h30_2018/node_modules/@rolldown/binding-linux-arm64-musl
109 silly reify mark deleted [
109 silly reify   '/home/tkg_h30_2018/node_modules/@rolldown/binding-linux-arm64-musl'
109 silly reify ]
110 verbose reify failed optional dependency /home/tkg_h30_2018/node_modules/@rolldown/binding-linux-arm64-gnu
111 silly reify mark deleted [ '/home/tkg_h30_2018/node_modules/@rolldown/binding-linux-arm64-gnu' ]
112 verbose reify failed optional dependency /home/tkg_h30_2018/node_modules/@rolldown/binding-linux-arm-gnueabihf
113 silly reify mark deleted [
113 silly reify   '/home/tkg_h30_2018/node_modules/@rolldown/binding-linux-arm-gnueabihf'
113 silly reify ]
114 verbose reify failed optional dependency /home/tkg_h30_2018/node_modules/@rolldown/binding-freebsd-x64
115 silly reify mark deleted [ '/home/tkg_h30_2018/node_modules/@rolldown/binding-freebsd-x64' ]
116 verbose reify failed optional dependency /home/tkg_h30_2018/node_modules/@rolldown/binding-darwin-x64
117 silly reify mark deleted [ '/home/tkg_h30_2018/node_modules/@rolldown/binding-darwin-x64' ]
118 verbose reify failed optional dependency /home/tkg_h30_2018/node_modules/@rolldown/binding-darwin-arm64
119 silly reify mark deleted [ '/home/tkg_h30_2018/node_modules/@rolldown/binding-darwin-arm64' ]
120 verbose reify failed optional dependency /home/tkg_h30_2018/node_modules/@rolldown/binding-android-arm64
121 silly reify mark deleted [ '/home/tkg_h30_2018/node_modules/@rolldown/binding-android-arm64' ]
122 verbose reify failed optional dependency /home/tkg_h30_2018/node_modules/@esbuild/win32-x64
123 silly reify mark deleted [ '/home/tkg_h30_2018/node_modules/@esbuild/win32-x64' ]
124 verbose reify failed optional dependency /home/tkg_h30_2018/node_modules/@esbuild/win32-ia32
125 silly reify mark deleted [ '/home/tkg_h30_2018/node_modules/@esbuild/win32-ia32' ]
126 verbose reify failed optional dependency /home/tkg_h30_2018/node_modules/@esbuild/win32-arm64
127 silly reify mark deleted [ '/home/tkg_h30_2018/node_modules/@esbuild/win32-arm64' ]
128 verbose reify failed optional dependency /home/tkg_h30_2018/node_modules/@esbuild/sunos-x64
129 silly reify mark deleted [ '/home/tkg_h30_2018/node_modules/@esbuild/sunos-x64' ]
130 verbose reify failed optional dependency /home/tkg_h30_2018/node_modules/@esbuild/openharmony-arm64
131 silly reify mark deleted [ '/home/tkg_h30_2018/node_modules/@esbuild/openharmony-arm64' ]
132 verbose reify failed optional dependency /home/tkg_h30_2018/node_modules/@esbuild/openbsd-x64
133 silly reify mark deleted [ '/home/tkg_h30_2018/node_modules/@esbuild/openbsd-x64' ]
134 verbose reify failed optional dependency /home/tkg_h30_2018/node_modules/@esbuild/openbsd-arm64
135 silly reify mark deleted [ '/home/tkg_h30_2018/node_modules/@esbuild/openbsd-arm64' ]
136 verbose reify failed optional dependency /home/tkg_h30_2018/node_modules/@esbuild/netbsd-x64
137 silly reify mark deleted [ '/home/tkg_h30_2018/node_modules/@esbuild/netbsd-x64' ]
138 verbose reify failed optional dependency /home/tkg_h30_2018/node_modules/@esbuild/netbsd-arm64
139 silly reify mark deleted [ '/home/tkg_h30_2018/node_modules/@esbuild/netbsd-arm64' ]
140 verbose reify failed optional dependency /home/tkg_h30_2018/node_modules/@esbuild/linux-s390x
141 silly reify mark deleted [ '/home/tkg_h30_2018/node_modules/@esbuild/linux-s390x' ]
142 verbose reify failed optional dependency /home/tkg_h30_2018/node_modules/@esbuild/linux-riscv64
143 silly reify mark deleted [ '/home/tkg_h30_2018/node_modules/@esbuild/linux-riscv64' ]
144 verbose reify failed optional dependency /home/tkg_h30_2018/node_modules/@esbuild/linux-ppc64
145 silly reify mark deleted [ '/home/tkg_h30_2018/node_modules/@esbuild/linux-ppc64' ]
146 verbose reify failed optional dependency /home/tkg_h30_2018/node_modules/@esbuild/linux-mips64el
147 silly reify mark deleted [ '/home/tkg_h30_2018/node_modules/@esbuild/linux-mips64el' ]
148 verbose reify failed optional dependency /home/tkg_h30_2018/node_modules/@esbuild/linux-loong64
149 silly reify mark deleted [ '/home/tkg_h30_2018/node_modules/@esbuild/linux-loong64' ]
150 verbose reify failed optional dependency /home/tkg_h30_2018/node_modules/@esbuild/linux-ia32
151 silly reify mark deleted [ '/home/tkg_h30_2018/node_modules/@esbuild/linux-ia32' ]
152 verbose reify failed optional dependency /home/tkg_h30_2018/node_modules/@esbuild/linux-arm64
153 silly reify mark deleted [ '/home/tkg_h30_2018/node_modules/@esbuild/linux-arm64' ]
154 verbose reify failed optional dependency /home/tkg_h30_2018/node_modules/@esbuild/linux-arm
155 silly reify mark deleted [ '/home/tkg_h30_2018/node_modules/@esbuild/linux-arm' ]
156 verbose reify failed optional dependency /home/tkg_h30_2018/node_modules/@esbuild/freebsd-x64
157 silly reify mark deleted [ '/home/tkg_h30_2018/node_modules/@esbuild/freebsd-x64' ]
158 verbose reify failed optional dependency /home/tkg_h30_2018/node_modules/@esbuild/freebsd-arm64
159 silly reify mark deleted [ '/home/tkg_h30_2018/node_modules/@esbuild/freebsd-arm64' ]
160 verbose reify failed optional dependency /home/tkg_h30_2018/node_modules/@esbuild/darwin-x64
161 silly reify mark deleted [ '/home/tkg_h30_2018/node_modules/@esbuild/darwin-x64' ]
162 verbose reify failed optional dependency /home/tkg_h30_2018/node_modules/@esbuild/darwin-arm64
163 silly reify mark deleted [ '/home/tkg_h30_2018/node_modules/@esbuild/darwin-arm64' ]
164 verbose reify failed optional dependency /home/tkg_h30_2018/node_modules/@esbuild/android-x64
165 silly reify mark deleted [ '/home/tkg_h30_2018/node_modules/@esbuild/android-x64' ]
166 verbose reify failed optional dependency /home/tkg_h30_2018/node_modules/@esbuild/android-arm64
167 silly reify mark deleted [ '/home/tkg_h30_2018/node_modules/@esbuild/android-arm64' ]
168 verbose reify failed optional dependency /home/tkg_h30_2018/node_modules/@esbuild/android-arm
169 silly reify mark deleted [ '/home/tkg_h30_2018/node_modules/@esbuild/android-arm' ]
170 verbose reify failed optional dependency /home/tkg_h30_2018/node_modules/@esbuild/aix-ppc64
171 silly reify mark deleted [ '/home/tkg_h30_2018/node_modules/@esbuild/aix-ppc64' ]
172 verbose reify failed optional dependency /home/tkg_h30_2018/node_modules/tsx/node_modules/@esbuild/win32-x64
173 silly reify mark deleted [
173 silly reify   '/home/tkg_h30_2018/node_modules/tsx/node_modules/@esbuild/win32-x64'
173 silly reify ]
174 verbose reify failed optional dependency /home/tkg_h30_2018/node_modules/tsx/node_modules/@esbuild/win32-ia32
175 silly reify mark deleted [
175 silly reify   '/home/tkg_h30_2018/node_modules/tsx/node_modules/@esbuild/win32-ia32'
175 silly reify ]
176 verbose reify failed optional dependency /home/tkg_h30_2018/node_modules/tsx/node_modules/@esbuild/win32-arm64
177 silly reify mark deleted [
177 silly reify   '/home/tkg_h30_2018/node_modules/tsx/node_modules/@esbuild/win32-arm64'
177 silly reify ]
178 verbose reify failed optional dependency /home/tkg_h30_2018/node_modules/tsx/node_modules/@esbuild/sunos-x64
179 silly reify mark deleted [
179 silly reify   '/home/tkg_h30_2018/node_modules/tsx/node_modules/@esbuild/sunos-x64'
179 silly reify ]
180 verbose reify failed optional dependency /home/tkg_h30_2018/node_modules/tsx/node_modules/@esbuild/openbsd-x64
181 silly reify mark deleted [
181 silly reify   '/home/tkg_h30_2018/node_modules/tsx/node_modules/@esbuild/openbsd-x64'
181 silly reify ]
182 verbose reify failed optional dependency /home/tkg_h30_2018/node_modules/tsx/node_modules/@esbuild/openbsd-arm64
183 silly reify mark deleted [
183 silly reify   '/home/tkg_h30_2018/node_modules/tsx/node_modules/@esbuild/openbsd-arm64'
183 silly reify ]
184 verbose reify failed optional dependency /home/tkg_h30_2018/node_modules/tsx/node_modules/@esbuild/netbsd-x64
185 silly reify mark deleted [
185 silly reify   '/home/tkg_h30_2018/node_modules/tsx/node_modules/@esbuild/netbsd-x64'
185 silly reify ]
186 verbose reify failed optional dependency /home/tkg_h30_2018/node_modules/tsx/node_modules/@esbuild/linux-s390x
187 silly reify mark deleted [
187 silly reify   '/home/tkg_h30_2018/node_modules/tsx/node_modules/@esbuild/linux-s390x'
187 silly reify ]
188 verbose reify failed optional dependency /home/tkg_h30_2018/node_modules/tsx/node_modules/@esbuild/linux-riscv64
189 silly reify mark deleted [
189 silly reify   '/home/tkg_h30_2018/node_modules/tsx/node_modules/@esbuild/linux-riscv64'
189 silly reify ]
190 verbose reify failed optional dependency /home/tkg_h30_2018/node_modules/tsx/node_modules/@esbuild/linux-ppc64
191 silly reify mark deleted [
191 silly reify   '/home/tkg_h30_2018/node_modules/tsx/node_modules/@esbuild/linux-ppc64'
191 silly reify ]
192 verbose reify failed optional dependency /home/tkg_h30_2018/node_modules/tsx/node_modules/@esbuild/linux-mips64el
193 silly reify mark deleted [
193 silly reify   '/home/tkg_h30_2018/node_modules/tsx/node_modules/@esbuild/linux-mips64el'
193 silly reify ]
194 verbose reify failed optional dependency /home/tkg_h30_2018/node_modules/tsx/node_modules/@esbuild/linux-loong64
195 silly reify mark deleted [
195 silly reify   '/home/tkg_h30_2018/node_modules/tsx/node_modules/@esbuild/linux-loong64'
195 silly reify ]
196 verbose reify failed optional dependency /home/tkg_h30_2018/node_modules/tsx/node_modules/@esbuild/linux-ia32
197 silly reify mark deleted [
197 silly reify   '/home/tkg_h30_2018/node_modules/tsx/node_modules/@esbuild/linux-ia32'
197 silly reify ]
198 verbose reify failed optional dependency /home/tkg_h30_2018/node_modules/tsx/node_modules/@esbuild/linux-arm64
199 silly reify mark deleted [
199 silly reify   '/home/tkg_h30_2018/node_modules/tsx/node_modules/@esbuild/linux-arm64'
199 silly reify ]
200 verbose reify failed optional dependency /home/tkg_h30_2018/node_modules/tsx/node_modules/@esbuild/linux-arm
201 silly reify mark deleted [
201 silly reify   '/home/tkg_h30_2018/node_modules/tsx/node_modules/@esbuild/linux-arm'
201 silly reify ]
202 verbose reify failed optional dependency /home/tkg_h30_2018/node_modules/tsx/node_modules/@esbuild/freebsd-x64
203 silly reify mark deleted [
203 silly reify   '/home/tkg_h30_2018/node_modules/tsx/node_modules/@esbuild/freebsd-x64'
203 silly reify ]
204 verbose reify failed optional dependency /home/tkg_h30_2018/node_modules/tsx/node_modules/@esbuild/freebsd-arm64
205 silly reify mark deleted [
205 silly reify   '/home/tkg_h30_2018/node_modules/tsx/node_modules/@esbuild/freebsd-arm64'
205 silly reify ]
206 verbose reify failed optional dependency /home/tkg_h30_2018/node_modules/tsx/node_modules/@esbuild/darwin-x64
207 silly reify mark deleted [
207 silly reify   '/home/tkg_h30_2018/node_modules/tsx/node_modules/@esbuild/darwin-x64'
207 silly reify ]
208 verbose reify failed optional dependency /home/tkg_h30_2018/node_modules/tsx/node_modules/@esbuild/darwin-arm64
209 silly reify mark deleted [
209 silly reify   '/home/tkg_h30_2018/node_modules/tsx/node_modules/@esbuild/darwin-arm64'
209 silly reify ]
210 verbose reify failed optional dependency /home/tkg_h30_2018/node_modules/tsx/node_modules/@esbuild/android-x64
211 silly reify mark deleted [
211 silly reify   '/home/tkg_h30_2018/node_modules/tsx/node_modules/@esbuild/android-x64'
211 silly reify ]
212 verbose reify failed optional dependency /home/tkg_h30_2018/node_modules/tsx/node_modules/@esbuild/android-arm64
213 silly reify mark deleted [
213 silly reify   '/home/tkg_h30_2018/node_modules/tsx/node_modules/@esbuild/android-arm64'
213 silly reify ]
214 verbose reify failed optional dependency /home/tkg_h30_2018/node_modules/tsx/node_modules/@esbuild/android-arm
215 silly reify mark deleted [
215 silly reify   '/home/tkg_h30_2018/node_modules/tsx/node_modules/@esbuild/android-arm'
215 silly reify ]
216 verbose reify failed optional dependency /home/tkg_h30_2018/node_modules/tsx/node_modules/@esbuild/aix-ppc64
217 silly reify mark deleted [
217 silly reify   '/home/tkg_h30_2018/node_modules/tsx/node_modules/@esbuild/aix-ppc64'
217 silly reify ]
218 verbose reify failed optional dependency /home/tkg_h30_2018/node_modules/@vercel/cervel/node_modules/@rolldown/binding-win32-x64-msvc
219 silly reify mark deleted [
219 silly reify   '/home/tkg_h30_2018/node_modules/@vercel/cervel/node_modules/@rolldown/binding-win32-x64-msvc'
219 silly reify ]
220 verbose reify failed optional dependency /home/tkg_h30_2018/node_modules/@vercel/cervel/node_modules/@rolldown/binding-win32-ia32-msvc
221 silly reify mark deleted [
221 silly reify   '/home/tkg_h30_2018/node_modules/@vercel/cervel/node_modules/@rolldown/binding-win32-ia32-msvc'
221 silly reify ]
222 verbose reify failed optional dependency /home/tkg_h30_2018/node_modules/@vercel/cervel/node_modules/@rolldown/binding-win32-arm64-msvc
223 silly reify mark deleted [
223 silly reify   '/home/tkg_h30_2018/node_modules/@vercel/cervel/node_modules/@rolldown/binding-win32-arm64-msvc'
223 silly reify ]
224 verbose reify failed optional dependency /home/tkg_h30_2018/node_modules/@vercel/cervel/node_modules/@rolldown/binding-wasm32-wasi
225 silly reify mark deleted [
225 silly reify   '/home/tkg_h30_2018/node_modules/@vercel/cervel/node_modules/@rolldown/binding-wasm32-wasi'
225 silly reify ]
226 verbose reify failed optional dependency /home/tkg_h30_2018/node_modules/@vercel/cervel/node_modules/@rolldown/binding-openharmony-arm64
227 silly reify mark deleted [
227 silly reify   '/home/tkg_h30_2018/node_modules/@vercel/cervel/node_modules/@rolldown/binding-openharmony-arm64'
227 silly reify ]
228 verbose reify failed optional dependency /home/tkg_h30_2018/node_modules/@vercel/cervel/node_modules/@rolldown/binding-linux-arm64-musl
229 silly reify mark deleted [
229 silly reify   '/home/tkg_h30_2018/node_modules/@vercel/cervel/node_modules/@rolldown/binding-linux-arm64-musl'
229 silly reify ]
230 verbose reify failed optional dependency /home/tkg_h30_2018/node_modules/@vercel/cervel/node_modules/@rolldown/binding-linux-arm64-gnu
231 silly reify mark deleted [
231 silly reify   '/home/tkg_h30_2018/node_modules/@vercel/cervel/node_modules/@rolldown/binding-linux-arm64-gnu'
231 silly reify ]
232 verbose reify failed optional dependency /home/tkg_h30_2018/node_modules/@vercel/cervel/node_modules/@rolldown/binding-linux-arm-gnueabihf
233 silly reify mark deleted [
233 silly reify   '/home/tkg_h30_2018/node_modules/@vercel/cervel/node_modules/@rolldown/binding-linux-arm-gnueabihf'
233 silly reify ]
234 verbose reify failed optional dependency /home/tkg_h30_2018/node_modules/@vercel/cervel/node_modules/@rolldown/binding-freebsd-x64
235 silly reify mark deleted [
235 silly reify   '/home/tkg_h30_2018/node_modules/@vercel/cervel/node_modules/@rolldown/binding-freebsd-x64'
235 silly reify ]
236 verbose reify failed optional dependency /home/tkg_h30_2018/node_modules/@vercel/cervel/node_modules/@rolldown/binding-darwin-x64
237 silly reify mark deleted [
237 silly reify   '/home/tkg_h30_2018/node_modules/@vercel/cervel/node_modules/@rolldown/binding-darwin-x64'
237 silly reify ]
238 verbose reify failed optional dependency /home/tkg_h30_2018/node_modules/@vercel/cervel/node_modules/@rolldown/binding-darwin-arm64
239 silly reify mark deleted [
239 silly reify   '/home/tkg_h30_2018/node_modules/@vercel/cervel/node_modules/@rolldown/binding-darwin-arm64'
239 silly reify ]
240 verbose reify failed optional dependency /home/tkg_h30_2018/node_modules/@vercel/cervel/node_modules/@rolldown/binding-android-arm64
241 silly reify mark deleted [
241 silly reify   '/home/tkg_h30_2018/node_modules/@vercel/cervel/node_modules/@rolldown/binding-android-arm64'
241 silly reify ]
242 http fetch POST 200 https://registry.npmjs.org/-/npm/v1/security/advisories/bulk 450ms
243 silly audit report {
243 silly audit report   'path-to-regexp': [
243 silly audit report     {
243 silly audit report       id: 1101846,
243 silly audit report       url: 'https://github.com/advisories/GHSA-9wv6-86v2-598j',
243 silly audit report       title: 'path-to-regexp outputs backtracking regular expressions',
243 silly audit report       severity: 'high',
243 silly audit report       vulnerable_versions: '>=4.0.0 <6.3.0',
243 silly audit report       cwe: [Array],
243 silly audit report       cvss: [Object]
243 silly audit report     }
243 silly audit report   ],
243 silly audit report   esbuild: [
243 silly audit report     {
243 silly audit report       id: 1102341,
243 silly audit report       url: 'https://github.com/advisories/GHSA-67mh-4wv8-2f99',
243 silly audit report       title: 'esbuild enables any website to send any requests to the development server and read the response',
243 silly audit report       severity: 'moderate',
243 silly audit report       vulnerable_versions: '<=0.24.2',
243 silly audit report       cwe: [Array],
243 silly audit report       cvss: [Object]
243 silly audit report     }
243 silly audit report   ],
243 silly audit report   undici: [
243 silly audit report     {
243 silly audit report       id: 1101610,
243 silly audit report       url: 'https://github.com/advisories/GHSA-c76h-2ccp-4975',
243 silly audit report       title: 'Use of Insufficiently Random Values in undici',
243 silly audit report       severity: 'moderate',
243 silly audit report       vulnerable_versions: '>=4.5.0 <5.28.5',
243 silly audit report       cwe: [Array],
243 silly audit report       cvss: [Object]
243 silly audit report     },
243 silly audit report     {
243 silly audit report       id: 1104501,
243 silly audit report       url: 'https://github.com/advisories/GHSA-cxrh-j4jr-qwg3',
243 silly audit report       title: 'undici Denial of Service attack via bad certificate data',
243 silly audit report       severity: 'low',
243 silly audit report       vulnerable_versions: '<5.29.0',
243 silly audit report       cwe: [Array],
243 silly audit report       cvss: [Object]
243 silly audit report     }
243 silly audit report   ]
243 silly audit report }
244 silly packumentCache corgi:https://registry.npmjs.org/path-to-regexp cache-miss
245 silly packumentCache corgi:https://registry.npmjs.org/esbuild cache-miss
246 silly packumentCache corgi:https://registry.npmjs.org/undici cache-miss
247 http fetch GET 200 https://registry.npmjs.org/path-to-regexp 9ms (cache hit)
248 silly packumentCache corgi:https://registry.npmjs.org/path-to-regexp set size:63416 disposed:false
249 http fetch GET 200 https://registry.npmjs.org/undici 11ms (cache hit)
250 silly packumentCache corgi:https://registry.npmjs.org/undici set size:395956 disposed:false
251 http fetch GET 200 https://registry.npmjs.org/esbuild 18ms (cache hit)
252 silly packumentCache corgi:https://registry.npmjs.org/esbuild set size:876133 disposed:false
253 silly packumentCache corgi:https://registry.npmjs.org/@vercel%2fnode cache-miss
254 silly packumentCache corgi:https://registry.npmjs.org/@vercel%2fremix-builder cache-miss
255 http fetch GET 200 https://registry.npmjs.org/@vercel%2fremix-builder 5ms (cache hit)
256 silly packumentCache corgi:https://registry.npmjs.org/@vercel%2fremix-builder set size:125424 disposed:false
257 http fetch GET 200 https://registry.npmjs.org/@vercel%2fnode 9ms (cache hit)
258 silly packumentCache corgi:https://registry.npmjs.org/@vercel%2fnode set size:725630 disposed:false
259 silly packumentCache corgi:https://registry.npmjs.org/@vercel%2fgatsby-plugin-vercel-builder cache-miss
260 silly packumentCache corgi:https://registry.npmjs.org/tsx cache-miss
261 http fetch GET 200 https://registry.npmjs.org/@vercel%2fgatsby-plugin-vercel-builder 8ms (cache hit)
262 silly packumentCache corgi:https://registry.npmjs.org/@vercel%2fgatsby-plugin-vercel-builder set size:205741 disposed:false
263 http fetch GET 200 https://registry.npmjs.org/tsx 11ms (cache hit)
264 silly packumentCache corgi:https://registry.npmjs.org/tsx set size:122280 disposed:false
265 silly packumentCache corgi:https://registry.npmjs.org/vercel cache-miss
266 http fetch GET 200 https://registry.npmjs.org/vercel 11ms (cache hit)
267 silly packumentCache corgi:https://registry.npmjs.org/vercel set size:3591904 disposed:false
268 silly packumentCache corgi:https://registry.npmjs.org/@vercel%2felysia cache-miss
269 silly packumentCache corgi:https://registry.npmjs.org/@vercel%2fexpress cache-miss
270 silly packumentCache corgi:https://registry.npmjs.org/@vercel%2ffastify cache-miss
271 silly packumentCache corgi:https://registry.npmjs.org/@vercel%2fh3 cache-miss
272 silly packumentCache corgi:https://registry.npmjs.org/@vercel%2fhono cache-miss
273 silly packumentCache corgi:https://registry.npmjs.org/@vercel%2fnestjs cache-miss
274 http fetch GET 200 https://registry.npmjs.org/@vercel%2fnestjs 19ms (cache hit)
275 silly packumentCache corgi:https://registry.npmjs.org/@vercel%2fnestjs set size:21746 disposed:false
276 http fetch GET 200 https://registry.npmjs.org/@vercel%2fh3 20ms (cache hit)
277 silly packumentCache corgi:https://registry.npmjs.org/@vercel%2fh3 set size:22318 disposed:false
278 http fetch GET 200 https://registry.npmjs.org/@vercel%2fexpress 22ms (cache hit)
279 silly packumentCache corgi:https://registry.npmjs.org/@vercel%2fexpress set size:45404 disposed:false
280 http fetch GET 200 https://registry.npmjs.org/@vercel%2ffastify 23ms (cache hit)
281 silly packumentCache corgi:https://registry.npmjs.org/@vercel%2ffastify set size:17122 disposed:false
282 http fetch GET 200 https://registry.npmjs.org/@vercel%2fhono 21ms (cache hit)
283 silly packumentCache corgi:https://registry.npmjs.org/@vercel%2fhono set size:46836 disposed:false
284 http fetch GET 200 https://registry.npmjs.org/@vercel%2felysia 25ms (cache hit)
285 silly packumentCache corgi:https://registry.npmjs.org/@vercel%2felysia set size:13285 disposed:false
286 silly packumentCache corgi:https://registry.npmjs.org/@vercel%2fstatic-build cache-miss
287 http fetch GET 200 https://registry.npmjs.org/@vercel%2fstatic-build 4ms (cache hit)
288 silly packumentCache corgi:https://registry.npmjs.org/@vercel%2fstatic-build set size:540916 disposed:false
289 silly packumentCache corgi:https://registry.npmjs.org/@vercel%2fcervel cache-miss
290 http fetch GET 200 https://registry.npmjs.org/@vercel%2fcervel 7ms (cache hit)
291 silly packumentCache corgi:https://registry.npmjs.org/@vercel%2fcervel set size:5836 disposed:false
292 silly packumentCache corgi:https://registry.npmjs.org/@vercel%2fbackends cache-miss
293 http fetch GET 200 https://registry.npmjs.org/@vercel%2fbackends 4ms (cache hit)
294 silly packumentCache corgi:https://registry.npmjs.org/@vercel%2fbackends set size:16861 disposed:false
295 silly ADD
296 silly ADD
297 silly ADD
298 silly ADD
299 silly ADD
300 silly ADD
301 silly ADD
302 silly ADD
303 silly ADD
304 silly ADD
305 silly ADD
306 silly ADD
307 silly ADD
308 silly ADD
309 silly ADD
310 silly ADD
311 silly ADD
312 silly ADD
313 silly ADD
314 silly ADD
315 silly ADD
316 silly ADD
317 silly ADD
318 silly ADD
319 silly ADD
320 silly ADD
321 silly ADD
322 silly ADD
323 silly ADD
324 silly ADD
325 silly ADD
326 silly ADD
327 silly ADD
328 silly ADD
329 silly ADD
330 silly ADD
331 silly ADD
332 silly ADD
333 silly ADD
334 silly ADD
335 silly ADD
336 silly ADD
337 silly ADD
338 silly ADD
339 silly ADD
340 silly ADD
341 silly ADD
342 silly ADD
343 silly ADD
344 silly ADD
345 silly ADD
346 silly ADD
347 silly ADD
348 silly ADD
349 silly ADD
350 silly ADD
351 silly ADD
352 silly ADD
353 silly ADD
354 silly ADD
355 silly ADD
356 silly ADD
357 silly ADD
358 silly ADD
359 silly ADD
360 silly ADD
361 silly ADD
362 silly ADD
363 silly ADD
364 silly ADD
365 silly ADD
366 silly ADD
367 silly ADD
368 silly ADD
369 silly ADD
370 silly ADD
371 silly ADD
372 silly ADD
373 silly ADD
374 silly ADD
375 silly ADD
376 silly ADD
377 silly ADD
378 silly ADD
379 silly ADD
380 silly ADD
381 silly ADD
382 silly ADD
383 silly ADD
384 silly ADD
385 silly ADD
386 silly ADD
387 verbose cwd /home/tkg_h30_2018
388 verbose os Linux 6.1.0-41-cloud-amd64
389 verbose node v20.19.6
390 verbose npm  v10.8.2
391 verbose exit 0
392 info ok
